<?xml version="1.0" encoding="UTF-8"?>
<testsuite xmlns:xsi="http://www.w3.org/2001/XMLSchema-instance" xsi:noNamespaceSchemaLocation="https://maven.apache.org/surefire/maven-surefire-plugin/xsd/surefire-test-report-3.0.xsd" version="3.0" name="TestSuite" time="279.209" tests="30" errors="0" skipped="0" failures="5">
  <properties>
[...]
</properties>
  <testcase name="LoginTest[Admin, admin123](1)" classname="TestCases.Login_Test" time="1.083">
    <system-out><![CDATA[2026-08-15T14:00:15.595524Z main ERROR Log4j API could not find a logging provider.
]]></system-out>
    <system-err><![CDATA[SLF4J(W): No SLF4J providers were found.
SLF4J(W): Defaulting to no-operation (NOP) logger implementation
SLF4J(W): See https://www.slf4j.org/codes.html#noProviders for further details.
Aug 15, 2026 7:00:18 PM org.openqa.selenium.devtools.CdpVersionFinder findNearestMatch
WARNING: Unable to find an exact match for CDP version 151, returning the closest version; found: 149; Please update to a Selenium version that supports CDP version 151
]]></system-err>
  </testcase>
  <testcase name="LoginTest[InvalidUser, admin123](2)" classname="TestCases.Login_Test" time="1.034">
    <system-err><![CDATA[Aug 15, 2026 7:00:24 PM org.openqa.selenium.devtools.CdpVersionFinder findNearestMatch
WARNING: Unable to find an exact match for CDP version 151, returning the closest version; found: 149; Please update to a Selenium version that supports CDP version 151
]]></system-err>
  </testcase>
  <testcase name="LoginTest[Admin, wrong123](3)" classname="TestCases.Login_Test" time="1.189">
    <system-err><![CDATA[Aug 15, 2026 7:00:29 PM org.openqa.selenium.devtools.CdpVersionFinder findNearestMatch
WARNING: Unable to find an exact match for CDP version 151, returning the closest version; found: 149; Please update to a Selenium version that supports CDP version 151
]]></system-err>
  </testcase>
  <testcase name="Verify_forgetPassword_link" classname="TestCases.Login_Test" time="1.217">
    <system-err><![CDATA[Aug 15, 2026 7:00:34 PM org.openqa.selenium.devtools.CdpVersionFinder findNearestMatch
WARNING: Unable to find an exact match for CDP version 151, returning the closest version; found: 149; Please update to a Selenium version that supports CDP version 151
]]></system-err>
  </testcase>
  <testcase name="Verify_login" classname="TestCases.Login_Test" time="0.576">
    <system-err><![CDATA[Aug 15, 2026 7:00:40 PM org.openqa.selenium.devtools.CdpVersionFinder findNearestMatch
WARNING: Unable to find an exact match for CDP version 151, returning the closest version; found: 149; Please update to a Selenium version that supports CDP version 151
]]></system-err>
  </testcase>
  <testcase name="Verify_Dashboard_display" classname="TestCases.Dashboard_Test" time="2.555">
    <system-err><![CDATA[Aug 15, 2026 7:00:44 PM org.openqa.selenium.devtools.CdpVersionFinder findNearestMatch
WARNING: Unable to find an exact match for CDP version 151, returning the closest version; found: 149; Please update to a Selenium version that supports CDP version 151
]]></system-err>
  </testcase>
  <testcase name="Verify_Leavemenu_navigation" classname="TestCases.Dashboard_Test" time="3.689">
    <system-err><![CDATA[Aug 15, 2026 7:00:50 PM org.openqa.selenium.devtools.CdpVersionFinder findNearestMatch
WARNING: Unable to find an exact match for CDP version 151, returning the closest version; found: 149; Please update to a Selenium version that supports CDP version 151
]]></system-err>
  </testcase>
  <testcase name="Verify_Pimmenu_navigation" classname="TestCases.Dashboard_Test" time="3.687">
    <system-err><![CDATA[Aug 15, 2026 7:00:58 PM org.openqa.selenium.devtools.CdpVersionFinder findNearestMatch
WARNING: Unable to find an exact match for CDP version 151, returning the closest version; found: 149; Please update to a Selenium version that supports CDP version 151
]]></system-err>
  </testcase>
  <testcase name="Verify_adminmenu_navigation" classname="TestCases.Dashboard_Test" time="5.563">
    <system-err><![CDATA[Aug 15, 2026 7:01:05 PM org.openqa.selenium.devtools.CdpVersionFinder findNearestMatch
WARNING: Unable to find an exact match for CDP version 151, returning the closest version; found: 149; Please update to a Selenium version that supports CDP version 151
]]></system-err>
  </testcase>
  <testcase name="Verify_logout_Functionality" classname="TestCases.Dashboard_Test" time="3.986">
    <system-err><![CDATA[Aug 15, 2026 7:01:13 PM org.openqa.selenium.devtools.CdpVersionFinder findNearestMatch
WARNING: Unable to find an exact match for CDP version 151, returning the closest version; found: 149; Please update to a Selenium version that supports CDP version 151
]]></system-err>
  </testcase>
  <testcase name="Verify_Reset_Search_Filter" classname="TestCases.Admin_Test" time="4.601">
    <system-err><![CDATA[Aug 15, 2026 7:01:21 PM org.openqa.selenium.devtools.CdpVersionFinder findNearestMatch
WARNING: Unable to find an exact match for CDP version 151, returning the closest version; found: 149; Please update to a Selenium version that supports CDP version 151
]]></system-err>
  </testcase>
  <testcase name="Verify_Search_By_EmployeeName[oWcxuXqdoL itjvtUUngH](1)" classname="TestCases.Admin_Test" time="4.363">
    <failure message="expected [oWcxuXqdoL itjvtUUngH] but found [manda user]" type="java.lang.AssertionError"><![CDATA[java.lang.AssertionError: expected [oWcxuXqdoL itjvtUUngH] but found [manda user]
	at org.testng.Assert.fail(Assert.java:111)
	at org.testng.Assert.failNotEquals(Assert.java:1590)
	at org.testng.Assert.assertEqualsImpl(Assert.java:150)
	at org.testng.Assert.assertEquals(Assert.java:132)
	at org.testng.Assert.assertEquals(Assert.java:656)
	at org.testng.Assert.assertEquals(Assert.java:666)
	at TestCases.Admin_Test.Verify_Search_By_EmployeeName(Admin_Test.java:82)
	at java.base/jdk.internal.reflect.DirectMethodHandleAccessor.invoke(DirectMethodHandleAccessor.java:103)
	at java.base/java.lang.reflect.Method.invoke(Method.java:580)
	at org.testng.internal.invokers.MethodInvocationHelper.invokeMethod(MethodInvocationHelper.java:141)
	at org.testng.internal.invokers.TestInvoker.invokeMethod(TestInvoker.java:697)
	at org.testng.internal.invokers.TestInvoker.invokeTestMethod(TestInvoker.java:230)
	at org.testng.internal.invokers.MethodRunner.runInSequence(MethodRunner.java:63)
	at org.testng.internal.invokers.TestInvoker$MethodInvocationAgent.invoke(TestInvoker.java:1005)
	at org.testng.internal.invokers.TestInvoker.invokeTestMethods(TestInvoker.java:203)
	at org.testng.internal.invokers.TestMethodWorker.invokeTestMethods(TestMethodWorker.java:154)
	at org.testng.internal.invokers.TestMethodWorker.run(TestMethodWorker.java:134)
	at java.base/java.util.ArrayList.forEach(ArrayList.java:1597)
	at org.testng.TestRunner.privateRun(TestRunner.java:744)
	at org.testng.TestRunner.run(TestRunner.java:616)
	at org.testng.SuiteRunner.runTest(SuiteRunner.java:421)
	at org.testng.SuiteRunner.runSequentially(SuiteRunner.java:413)
	at org.testng.SuiteRunner.privateRun(SuiteRunner.java:373)
	at org.testng.SuiteRunner.run(SuiteRunner.java:312)
	at org.testng.SuiteRunnerWorker.runSuite(SuiteRunnerWorker.java:52)
	at org.testng.SuiteRunnerWorker.run(SuiteRunnerWorker.java:95)
	at org.testng.TestNG.runSuitesSequentially(TestNG.java:1274)
	at org.testng.TestNG.runSuitesLocally(TestNG.java:1208)
	at org.testng.TestNG.runSuites(TestNG.java:1112)
	at org.testng.TestNG.run(TestNG.java:1079)
	at org.apache.maven.surefire.testng.TestNGExecutor.run(TestNGExecutor.java:308)
	at org.apache.maven.surefire.testng.TestNGXmlTestSuite.execute(TestNGXmlTestSuite.java:71)
	at org.apache.maven.surefire.testng.TestNGProvider.invoke(TestNGProvider.java:113)
	at org.apache.maven.surefire.booter.ForkedBooter.runSuitesInProcess(ForkedBooter.java:385)
	at org.apache.maven.surefire.booter.ForkedBooter.execute(ForkedBooter.java:162)
	at org.apache.maven.surefire.booter.ForkedBooter.run(ForkedBooter.java:507)
	at org.apache.maven.surefire.booter.ForkedBooter.main(ForkedBooter.java:495)
]]></failure>
    <system-err><![CDATA[Aug 15, 2026 7:01:30 PM org.openqa.selenium.devtools.CdpVersionFinder findNearestMatch
WARNING: Unable to find an exact match for CDP version 151, returning the closest version; found: 149; Please update to a Selenium version that supports CDP version 151
]]></system-err>
  </testcase>
  <testcase name="Verify_Search_By_Status[Enabled](1)" classname="TestCases.Admin_Test" time="4.999">
    <system-out><![CDATA[Screenshot saved: C:\Users\user\Desktop\orangehrm\screenshots\Admin_Test\Verify_Search_By_EmployeeName_2026-08-15_19-01-36.png
]]></system-out>
    <system-err><![CDATA[Aug 15, 2026 7:01:38 PM org.openqa.selenium.devtools.CdpVersionFinder findNearestMatch
WARNING: Unable to find an exact match for CDP version 151, returning the closest version; found: 149; Please update to a Selenium version that supports CDP version 151
]]></system-err>
  </testcase>
  <testcase name="Verify_Search_By_UserName[Admin](1)" classname="TestCases.Admin_Test" time="5.473">
    <system-err><![CDATA[Aug 15, 2026 7:01:47 PM org.openqa.selenium.devtools.CdpVersionFinder findNearestMatch
WARNING: Unable to find an exact match for CDP version 151, returning the closest version; found: 149; Please update to a Selenium version that supports CDP version 151
]]></system-err>
  </testcase>
  <testcase name="Verify_Search_By_UserRole[Admin](1)" classname="TestCases.Admin_Test" time="4.929">
    <system-err><![CDATA[Aug 15, 2026 7:01:57 PM org.openqa.selenium.devtools.CdpVersionFinder findNearestMatch
WARNING: Unable to find an exact match for CDP version 151, returning the closest version; found: 149; Please update to a Selenium version that supports CDP version 151
]]></system-err>
  </testcase>
  <testcase name="Verify_Add_Employee[Muhammad, Haris, Tariq](1)" classname="TestCases.Pim_Test" time="7.271">
    <system-err><![CDATA[Aug 15, 2026 7:02:06 PM org.openqa.selenium.devtools.CdpVersionFinder findNearestMatch
WARNING: Unable to find an exact match for CDP version 151, returning the closest version; found: 149; Please update to a Selenium version that supports CDP version 151
]]></system-err>
  </testcase>
  <testcase name="Search_EmployeeByName[Muhammad Haris](1)" classname="TestCases.Pim_Test" time="4.821">
    <failure message="expected [Muhammad Haris] but found [123445 34]" type="java.lang.AssertionError"><![CDATA[java.lang.AssertionError: expected [Muhammad Haris] but found [123445 34]
	at org.testng.Assert.fail(Assert.java:111)
	at org.testng.Assert.failNotEquals(Assert.java:1590)
	at org.testng.Assert.assertEqualsImpl(Assert.java:150)
	at org.testng.Assert.assertEquals(Assert.java:132)
	at org.testng.Assert.assertEquals(Assert.java:656)
	at org.testng.Assert.assertEquals(Assert.java:666)
	at TestCases.Pim_Test.Search_EmployeeByName(Pim_Test.java:63)
	at java.base/jdk.internal.reflect.DirectMethodHandleAccessor.invoke(DirectMethodHandleAccessor.java:103)
	at java.base/java.lang.reflect.Method.invoke(Method.java:580)
	at org.testng.internal.invokers.MethodInvocationHelper.invokeMethod(MethodInvocationHelper.java:141)
	at org.testng.internal.invokers.TestInvoker.invokeMethod(TestInvoker.java:697)
	at org.testng.internal.invokers.TestInvoker.invokeTestMethod(TestInvoker.java:230)
	at org.testng.internal.invokers.MethodRunner.runInSequence(MethodRunner.java:63)
	at org.testng.internal.invokers.TestInvoker$MethodInvocationAgent.invoke(TestInvoker.java:1005)
	at org.testng.internal.invokers.TestInvoker.invokeTestMethods(TestInvoker.java:203)
	at org.testng.internal.invokers.TestMethodWorker.invokeTestMethods(TestMethodWorker.java:154)
	at org.testng.internal.invokers.TestMethodWorker.run(TestMethodWorker.java:134)
	at java.base/java.util.ArrayList.forEach(ArrayList.java:1597)
	at org.testng.TestRunner.privateRun(TestRunner.java:744)
	at org.testng.TestRunner.run(TestRunner.java:616)
	at org.testng.SuiteRunner.runTest(SuiteRunner.java:421)
	at org.testng.SuiteRunner.runSequentially(SuiteRunner.java:413)
	at org.testng.SuiteRunner.privateRun(SuiteRunner.java:373)
	at org.testng.SuiteRunner.run(SuiteRunner.java:312)
	at org.testng.SuiteRunnerWorker.runSuite(SuiteRunnerWorker.java:52)
	at org.testng.SuiteRunnerWorker.run(SuiteRunnerWorker.java:95)
	at org.testng.TestNG.runSuitesSequentially(TestNG.java:1274)
	at org.testng.TestNG.runSuitesLocally(TestNG.java:1208)
	at org.testng.TestNG.runSuites(TestNG.java:1112)
	at org.testng.TestNG.run(TestNG.java:1079)
	at org.apache.maven.surefire.testng.TestNGExecutor.run(TestNGExecutor.java:308)
	at org.apache.maven.surefire.testng.TestNGXmlTestSuite.execute(TestNGXmlTestSuite.java:71)
	at org.apache.maven.surefire.testng.TestNGProvider.invoke(TestNGProvider.java:113)
	at org.apache.maven.surefire.booter.ForkedBooter.runSuitesInProcess(ForkedBooter.java:385)
	at org.apache.maven.surefire.booter.ForkedBooter.execute(ForkedBooter.java:162)
	at org.apache.maven.surefire.booter.ForkedBooter.run(ForkedBooter.java:507)
	at org.apache.maven.surefire.booter.ForkedBooter.main(ForkedBooter.java:495)
]]></failure>
    <system-err><![CDATA[Aug 15, 2026 7:02:17 PM org.openqa.selenium.devtools.CdpVersionFinder findNearestMatch
WARNING: Unable to find an exact match for CDP version 151, returning the closest version; found: 149; Please update to a Selenium version that supports CDP version 151
]]></system-err>
  </testcase>
  <testcase name="Search_EmployeeByID" classname="TestCases.Pim_Test" time="4.814">
    <system-out><![CDATA[Screenshot saved: C:\Users\user\Desktop\orangehrm\screenshots\Pim_Test\Search_EmployeeByName_2026-08-15_19-02-24.png
]]></system-out>
    <system-err><![CDATA[Aug 15, 2026 7:02:26 PM org.openqa.selenium.devtools.CdpVersionFinder findNearestMatch
WARNING: Unable to find an exact match for CDP version 151, returning the closest version; found: 149; Please update to a Selenium version that supports CDP version 151
]]></system-err>
  </testcase>
  <testcase name="Reset_EmployeeSearch" classname="TestCases.Pim_Test" time="4.592">
    <system-err><![CDATA[Aug 15, 2026 7:02:35 PM org.openqa.selenium.devtools.CdpVersionFinder findNearestMatch
WARNING: Unable to find an exact match for CDP version 151, returning the closest version; found: 149; Please update to a Selenium version that supports CDP version 151
]]></system-err>
  </testcase>
  <testcase name="AddNewCandidate[Muhammad, Haris, Tariq, Senior QA Lead, abc@gmail.com, 123456789, Selenium, 2026-10-07, AutomationCandidate](1)" classname="TestCases.Recruitment_Test" time="7.99">
    <system-err><![CDATA[Aug 15, 2026 7:02:44 PM org.openqa.selenium.devtools.CdpVersionFinder findNearestMatch
WARNING: Unable to find an exact match for CDP version 151, returning the closest version; found: 149; Please update to a Selenium version that supports CDP version 151
]]></system-err>
  </testcase>
  <testcase name="SearchByCandidateName[Muhammad Haris, Tariq, abc@gmail.com, Muhammad Haris , Muhammad Haris Tariq](1)" classname="TestCases.Recruitment_Test" time="9.311">
    <system-err><![CDATA[Aug 15, 2026 7:02:57 PM org.openqa.selenium.devtools.CdpVersionFinder findNearestMatch
WARNING: Unable to find an exact match for CDP version 151, returning the closest version; found: 149; Please update to a Selenium version that supports CDP version 151
]]></system-err>
  </testcase>
  <testcase name="SearchByVacancy[Muhammad Harry, Tariq, abc@gmail.com, Senior QA Lead, Muhammad Harry , Muhammad Harry Tariq, Senior QA Lead](1)" classname="TestCases.Recruitment_Test" time="10.59">
    <system-err><![CDATA[Aug 15, 2026 7:03:11 PM org.openqa.selenium.devtools.CdpVersionFinder findNearestMatch
WARNING: Unable to find an exact match for CDP version 151, returning the closest version; found: 149; Please update to a Selenium version that supports CDP version 151
]]></system-err>
  </testcase>
  <testcase name="validate_Functionality_of_JobTitle[QA Lead, Senior QA Lead](1)" classname="TestCases.Recruitment_Test" time="5.638">
    <system-err><![CDATA[Aug 15, 2026 7:03:26 PM org.openqa.selenium.devtools.CdpVersionFinder findNearestMatch
WARNING: Unable to find an exact match for CDP version 151, returning the closest version; found: 149; Please update to a Selenium version that supports CDP version 151
]]></system-err>
  </testcase>
  <testcase name="validate_Functionality_of_ResetCandidateSearch" classname="TestCases.Recruitment_Test" time="5.052">
    <system-err><![CDATA[Aug 15, 2026 7:03:36 PM org.openqa.selenium.devtools.CdpVersionFinder findNearestMatch
WARNING: Unable to find an exact match for CDP version 151, returning the closest version; found: 149; Please update to a Selenium version that supports CDP version 151
]]></system-err>
  </testcase>
  <testcase name="CreateComment" classname="TestCases.Buzz_Test" time="5.91">
    <failure message="Comment test failed due to automation error: element click intercepted: Element &lt;button data-v-f5c763eb=&quot;&quot; data-v-2b81b03f=&quot;&quot; class=&quot;oxd-icon-button&quot; type=&quot;button&quot;&gt;...&lt;/button&gt; is not clickable at point (383, 510). Other element would receive the click: &lt;div class=&quot;oxd-toast-container oxd-toast-container--bottom&quot; id=&quot;oxd-toaster_1&quot;&gt;...&lt;/div&gt;&#10;  (Session info: chrome=151.0.7922.138)&#10;Build info: version: &apos;4.45.0&apos;, revision: &apos;cd6a3cd cd6a3cdfca6970f62e5bc8344109d0fe0e2af05e&apos;&#10;System info: os.name: &apos;Windows 11&apos;, os.arch: &apos;amd64&apos;, os.version: &apos;10.0&apos;, java.version: &apos;23&apos;&#10;Driver info: org.openqa.selenium.chrome.ChromeDriver&#10;Command: [217a0d676659132369718299e72ce0dd, clickElement {id=f.D21154D1A07B398844B8AE0CEF309B6B.d.D1CA2CF1FE020E01226F847A356F82AC.e.54}]&#10;Capabilities {acceptInsecureCerts: false, browserName: chrome, browserVersion: 151.0.7922.138, chrome: {chromedriverVersion: 151.0.7922.138 (41fa8244239..., userDataDir: C:\Users\user\AppData\Local...}, fedcm:accounts: true, goog:chromeOptions: {debuggerAddress: localhost:49460}, goog:processID: 7888, networkConnectionEnabled: false, pageLoadStrategy: normal, platformName: windows, proxy: Proxy(), se:cdp: ws://localhost:49460/devtoo..., se:cdpVersion: 151.0.7922.138, setWindowRect: true, strictFileInteractability: false, timeouts: {implicit: 0, pageLoad: 300000, script: 30000}, unhandledPromptBehavior: dismiss and notify, webauthn:extension:credBlob: true, webauthn:extension:largeBlob: true, webauthn:extension:minPinLength: true, webauthn:extension:prf: true, webauthn:virtualAuthenticators: true}&#10;Element: [[ChromeDriver: chrome on windows (217a0d676659132369718299e72ce0dd)] -&gt; xpath: (//button[contains(@class,&apos;oxd-icon-button&apos;)])[4]]&#10;Session ID: 217a0d676659132369718299e72ce0dd" type="java.lang.AssertionError"><![CDATA[java.lang.AssertionError: 
Comment test failed due to automation error: element click intercepted: Element <button data-v-f5c763eb="" data-v-2b81b03f="" class="oxd-icon-button" type="button">...</button> is not clickable at point (383, 510). Other element would receive the click: <div class="oxd-toast-container oxd-toast-container--bottom" id="oxd-toaster_1">...</div>
  (Session info: chrome=151.0.7922.138)
Build info: version: '4.45.0', revision: 'cd6a3cd cd6a3cdfca6970f62e5bc8344109d0fe0e2af05e'
System info: os.name: 'Windows 11', os.arch: 'amd64', os.version: '10.0', java.version: '23'
Driver info: org.openqa.selenium.chrome.ChromeDriver
Command: [217a0d676659132369718299e72ce0dd, clickElement {id=f.D21154D1A07B398844B8AE0CEF309B6B.d.D1CA2CF1FE020E01226F847A356F82AC.e.54}]
Capabilities {acceptInsecureCerts: false, browserName: chrome, browserVersion: 151.0.7922.138, chrome: {chromedriverVersion: 151.0.7922.138 (41fa8244239..., userDataDir: C:\Users\user\AppData\Local...}, fedcm:accounts: true, goog:chromeOptions: {debuggerAddress: localhost:49460}, goog:processID: 7888, networkConnectionEnabled: false, pageLoadStrategy: normal, platformName: windows, proxy: Proxy(), se:cdp: ws://localhost:49460/devtoo..., se:cdpVersion: 151.0.7922.138, setWindowRect: true, strictFileInteractability: false, timeouts: {implicit: 0, pageLoad: 300000, script: 30000}, unhandledPromptBehavior: dismiss and notify, webauthn:extension:credBlob: true, webauthn:extension:largeBlob: true, webauthn:extension:minPinLength: true, webauthn:extension:prf: true, webauthn:virtualAuthenticators: true}
Element: [[ChromeDriver: chrome on windows (217a0d676659132369718299e72ce0dd)] -> xpath: (//button[contains(@class,'oxd-icon-button')])[4]]
Session ID: 217a0d676659132369718299e72ce0dd
	at org.testng.Assert.fail(Assert.java:111)
	at TestCases.Buzz_Test.CreateComment(Buzz_Test.java:92)
	at java.base/jdk.internal.reflect.DirectMethodHandleAccessor.invoke(DirectMethodHandleAccessor.java:103)
	at java.base/java.lang.reflect.Method.invoke(Method.java:580)
	at org.testng.internal.invokers.MethodInvocationHelper.invokeMethod(MethodInvocationHelper.java:141)
	at org.testng.internal.invokers.TestInvoker.invokeMethod(TestInvoker.java:697)
	at org.testng.internal.invokers.TestInvoker.invokeTestMethod(TestInvoker.java:230)
	at org.testng.internal.invokers.MethodRunner.runInSequence(MethodRunner.java:63)
	at org.testng.internal.invokers.TestInvoker$MethodInvocationAgent.invoke(TestInvoker.java:1005)
	at org.testng.internal.invokers.TestInvoker.invokeTestMethods(TestInvoker.java:203)
	at org.testng.internal.invokers.TestMethodWorker.invokeTestMethods(TestMethodWorker.java:154)
	at org.testng.internal.invokers.TestMethodWorker.run(TestMethodWorker.java:134)
	at java.base/java.util.ArrayList.forEach(ArrayList.java:1597)
	at org.testng.TestRunner.privateRun(TestRunner.java:744)
	at org.testng.TestRunner.run(TestRunner.java:616)
	at org.testng.SuiteRunner.runTest(SuiteRunner.java:421)
	at org.testng.SuiteRunner.runSequentially(SuiteRunner.java:413)
	at org.testng.SuiteRunner.privateRun(SuiteRunner.java:373)
	at org.testng.SuiteRunner.run(SuiteRunner.java:312)
	at org.testng.SuiteRunnerWorker.runSuite(SuiteRunnerWorker.java:52)
	at org.testng.SuiteRunnerWorker.run(SuiteRunnerWorker.java:95)
	at org.testng.TestNG.runSuitesSequentially(TestNG.java:1274)
	at org.testng.TestNG.runSuitesLocally(TestNG.java:1208)
	at org.testng.TestNG.runSuites(TestNG.java:1112)
	at org.testng.TestNG.run(TestNG.java:1079)
	at org.apache.maven.surefire.testng.TestNGExecutor.run(TestNGExecutor.java:308)
	at org.apache.maven.surefire.testng.TestNGXmlTestSuite.execute(TestNGXmlTestSuite.java:71)
	at org.apache.maven.surefire.testng.TestNGProvider.invoke(TestNGProvider.java:113)
	at org.apache.maven.surefire.booter.ForkedBooter.runSuitesInProcess(ForkedBooter.java:385)
	at org.apache.maven.surefire.booter.ForkedBooter.execute(ForkedBooter.java:162)
	at org.apache.maven.surefire.booter.ForkedBooter.run(ForkedBooter.java:507)
	at org.apache.maven.surefire.booter.ForkedBooter.main(ForkedBooter.java:495)
]]></failure>
    <system-err><![CDATA[Aug 15, 2026 7:03:45 PM org.openqa.selenium.devtools.CdpVersionFinder findNearestMatch
WARNING: Unable to find an exact match for CDP version 151, returning the closest version; found: 149; Please update to a Selenium version that supports CDP version 151
]]></system-err>
  </testcase>
  <testcase name="CreateNewPost" classname="TestCases.Buzz_Test" time="4.512">
    <system-out><![CDATA[Screenshot saved: C:\Users\user\Desktop\orangehrm\screenshots\Buzz_Test\CreateComment_2026-08-15_19-03-53.png
]]></system-out>
    <system-err><![CDATA[Aug 15, 2026 7:03:55 PM org.openqa.selenium.devtools.CdpVersionFinder findNearestMatch
WARNING: Unable to find an exact match for CDP version 151, returning the closest version; found: 149; Please update to a Selenium version that supports CDP version 151
]]></system-err>
  </testcase>
  <testcase name="LikePost" classname="TestCases.Buzz_Test" time="4.436">
    <failure message="Like assertion failed: Like count should be greater than or equal to 1 expected [true] but found [false]" type="java.lang.AssertionError"><![CDATA[java.lang.AssertionError: Like assertion failed: Like count should be greater than or equal to 1 expected [true] but found [false]
	at org.testng.Assert.fail(Assert.java:111)
	at TestCases.Buzz_Test.LikePost(Buzz_Test.java:119)
	at java.base/jdk.internal.reflect.DirectMethodHandleAccessor.invoke(DirectMethodHandleAccessor.java:103)
	at java.base/java.lang.reflect.Method.invoke(Method.java:580)
	at org.testng.internal.invokers.MethodInvocationHelper.invokeMethod(MethodInvocationHelper.java:141)
	at org.testng.internal.invokers.TestInvoker.invokeMethod(TestInvoker.java:697)
	at org.testng.internal.invokers.TestInvoker.invokeTestMethod(TestInvoker.java:230)
	at org.testng.internal.invokers.MethodRunner.runInSequence(MethodRunner.java:63)
	at org.testng.internal.invokers.TestInvoker$MethodInvocationAgent.invoke(TestInvoker.java:1005)
	at org.testng.internal.invokers.TestInvoker.invokeTestMethods(TestInvoker.java:203)
	at org.testng.internal.invokers.TestMethodWorker.invokeTestMethods(TestMethodWorker.java:154)
	at org.testng.internal.invokers.TestMethodWorker.run(TestMethodWorker.java:134)
	at java.base/java.util.ArrayList.forEach(ArrayList.java:1597)
	at org.testng.TestRunner.privateRun(TestRunner.java:744)
	at org.testng.TestRunner.run(TestRunner.java:616)
	at org.testng.SuiteRunner.runTest(SuiteRunner.java:421)
	at org.testng.SuiteRunner.runSequentially(SuiteRunner.java:413)
	at org.testng.SuiteRunner.privateRun(SuiteRunner.java:373)
	at org.testng.SuiteRunner.run(SuiteRunner.java:312)
	at org.testng.SuiteRunnerWorker.runSuite(SuiteRunnerWorker.java:52)
	at org.testng.SuiteRunnerWorker.run(SuiteRunnerWorker.java:95)
	at org.testng.TestNG.runSuitesSequentially(TestNG.java:1274)
	at org.testng.TestNG.runSuitesLocally(TestNG.java:1208)
	at org.testng.TestNG.runSuites(TestNG.java:1112)
	at org.testng.TestNG.run(TestNG.java:1079)
	at org.apache.maven.surefire.testng.TestNGExecutor.run(TestNGExecutor.java:308)
	at org.apache.maven.surefire.testng.TestNGXmlTestSuite.execute(TestNGXmlTestSuite.java:71)
	at org.apache.maven.surefire.testng.TestNGProvider.invoke(TestNGProvider.java:113)
	at org.apache.maven.surefire.booter.ForkedBooter.runSuitesInProcess(ForkedBooter.java:385)
	at org.apache.maven.surefire.booter.ForkedBooter.execute(ForkedBooter.java:162)
	at org.apache.maven.surefire.booter.ForkedBooter.run(ForkedBooter.java:507)
	at org.apache.maven.surefire.booter.ForkedBooter.main(ForkedBooter.java:495)
]]></failure>
    <system-err><![CDATA[Aug 15, 2026 7:04:04 PM org.openqa.selenium.devtools.CdpVersionFinder findNearestMatch
WARNING: Unable to find an exact match for CDP version 151, returning the closest version; found: 149; Please update to a Selenium version that supports CDP version 151
]]></system-err>
  </testcase>
  <testcase name="UpdatePersonalDetails[Muhammad, Haris, Tariq](1)" classname="TestCases.Myinfo_Test" time="6.827">
    <system-out><![CDATA[Screenshot saved: C:\Users\user\Desktop\orangehrm\screenshots\Buzz_Test\LikePost_2026-08-15_19-04-10.png
]]></system-out>
    <system-err><![CDATA[Aug 15, 2026 7:04:12 PM org.openqa.selenium.devtools.CdpVersionFinder findNearestMatch
WARNING: Unable to find an exact match for CDP version 151, returning the closest version; found: 149; Please update to a Selenium version that supports CDP version 151
]]></system-err>
  </testcase>
  <testcase name="UpdatePersonalDetails[Ali, Ahmed, Khan](2)" classname="TestCases.Myinfo_Test" time="5.526">
    <system-err><![CDATA[Aug 15, 2026 7:04:22 PM org.openqa.selenium.devtools.CdpVersionFinder findNearestMatch
WARNING: Unable to find an exact match for CDP version 151, returning the closest version; found: 149; Please update to a Selenium version that supports CDP version 151
]]></system-err>
  </testcase>
  <testcase name="Assign_leavetoEmployee[Muhammad Ayyan , CAN - Bereavement, 2026-20-8, 2026-30-8, Start and End Day, Half Day - Morning, Half Day - Morning, Doing Some Automation Testing](1)" classname="TestCases.Leave_Test" time="18.603">
    <failure message="Assign Leave test failed due to automation error: Expected condition failed: waiting for element found by By.xpath: //span[normalize-space()=&apos;Muhammad Ayyan Tariq&apos;] to be clickable, but the element was not found: org.openqa.selenium.NoSuchElementException: no such element: Unable to locate element: {&quot;method&quot;:&quot;xpath&quot;,&quot;selector&quot;:&quot;//span[normalize-space()=&apos;Muhammad Ayyan Tariq&apos;]&quot;}.&#10;(tried for 10 seconds with 500 milliseconds interval)&#10;Build info: version: &apos;4.45.0&apos;, revision: &apos;cd6a3cd cd6a3cdfca6970f62e5bc8344109d0fe0e2af05e&apos;&#10;System info: os.name: &apos;Windows 11&apos;, os.arch: &apos;amd64&apos;, os.version: &apos;10.0&apos;, java.version: &apos;23&apos;&#10;Driver info: org.openqa.selenium.chrome.ChromeDriver&#10;Capabilities {acceptInsecureCerts: false, browserName: chrome, browserVersion: 151.0.7922.138, chrome: {chromedriverVersion: 151.0.7922.138 (41fa8244239..., userDataDir: C:\Users\user\AppData\Local...}, fedcm:accounts: true, goog:chromeOptions: {debuggerAddress: localhost:53762}, goog:processID: 12304, networkConnectionEnabled: false, pageLoadStrategy: normal, platformName: windows, proxy: Proxy(), se:cdp: ws://localhost:53762/devtoo..., se:cdpVersion: 151.0.7922.138, setWindowRect: true, strictFileInteractability: false, timeouts: {implicit: 0, pageLoad: 300000, script: 30000}, unhandledPromptBehavior: dismiss and notify, webauthn:extension:credBlob: true, webauthn:extension:largeBlob: true, webauthn:extension:minPinLength: true, webauthn:extension:prf: true, webauthn:virtualAuthenticators: true}&#10;Session ID: 9809ceea0591f28a59f505a666c4ed89" type="java.lang.AssertionError"><![CDATA[java.lang.AssertionError: 
Assign Leave test failed due to automation error: Expected condition failed: waiting for element found by By.xpath: //span[normalize-space()='Muhammad Ayyan Tariq'] to be clickable, but the element was not found: org.openqa.selenium.NoSuchElementException: no such element: Unable to locate element: {"method":"xpath","selector":"//span[normalize-space()='Muhammad Ayyan Tariq']"}.
(tried for 10 seconds with 500 milliseconds interval)
Build info: version: '4.45.0', revision: 'cd6a3cd cd6a3cdfca6970f62e5bc8344109d0fe0e2af05e'
System info: os.name: 'Windows 11', os.arch: 'amd64', os.version: '10.0', java.version: '23'
Driver info: org.openqa.selenium.chrome.ChromeDriver
Capabilities {acceptInsecureCerts: false, browserName: chrome, browserVersion: 151.0.7922.138, chrome: {chromedriverVersion: 151.0.7922.138 (41fa8244239..., userDataDir: C:\Users\user\AppData\Local...}, fedcm:accounts: true, goog:chromeOptions: {debuggerAddress: localhost:53762}, goog:processID: 12304, networkConnectionEnabled: false, pageLoadStrategy: normal, platformName: windows, proxy: Proxy(), se:cdp: ws://localhost:53762/devtoo..., se:cdpVersion: 151.0.7922.138, setWindowRect: true, strictFileInteractability: false, timeouts: {implicit: 0, pageLoad: 300000, script: 30000}, unhandledPromptBehavior: dismiss and notify, webauthn:extension:credBlob: true, webauthn:extension:largeBlob: true, webauthn:extension:minPinLength: true, webauthn:extension:prf: true, webauthn:virtualAuthenticators: true}
Session ID: 9809ceea0591f28a59f505a666c4ed89
	at org.testng.Assert.fail(Assert.java:111)
	at TestCases.Leave_Test.Assign_leavetoEmployee(Leave_Test.java:78)
	at java.base/jdk.internal.reflect.DirectMethodHandleAccessor.invoke(DirectMethodHandleAccessor.java:103)
	at java.base/java.lang.reflect.Method.invoke(Method.java:580)
	at org.testng.internal.invokers.MethodInvocationHelper.invokeMethod(MethodInvocationHelper.java:141)
	at org.testng.internal.invokers.TestInvoker.invokeMethod(TestInvoker.java:697)
	at org.testng.internal.invokers.TestInvoker.invokeTestMethod(TestInvoker.java:230)
	at org.testng.internal.invokers.MethodRunner.runInSequence(MethodRunner.java:63)
	at org.testng.internal.invokers.TestInvoker$MethodInvocationAgent.invoke(TestInvoker.java:1005)
	at org.testng.internal.invokers.TestInvoker.invokeTestMethods(TestInvoker.java:203)
	at org.testng.internal.invokers.TestMethodWorker.invokeTestMethods(TestMethodWorker.java:154)
	at org.testng.internal.invokers.TestMethodWorker.run(TestMethodWorker.java:134)
	at java.base/java.util.ArrayList.forEach(ArrayList.java:1597)
	at org.testng.TestRunner.privateRun(TestRunner.java:744)
	at org.testng.TestRunner.run(TestRunner.java:616)
	at org.testng.SuiteRunner.runTest(SuiteRunner.java:421)
	at org.testng.SuiteRunner.runSequentially(SuiteRunner.java:413)
	at org.testng.SuiteRunner.privateRun(SuiteRunner.java:373)
	at org.testng.SuiteRunner.run(SuiteRunner.java:312)
	at org.testng.SuiteRunnerWorker.runSuite(SuiteRunnerWorker.java:52)
	at org.testng.SuiteRunnerWorker.run(SuiteRunnerWorker.java:95)
	at org.testng.TestNG.runSuitesSequentially(TestNG.java:1274)
	at org.testng.TestNG.runSuitesLocally(TestNG.java:1208)
	at org.testng.TestNG.runSuites(TestNG.java:1112)
	at org.testng.TestNG.run(TestNG.java:1079)
	at org.apache.maven.surefire.testng.TestNGExecutor.run(TestNGExecutor.java:308)
	at org.apache.maven.surefire.testng.TestNGXmlTestSuite.execute(TestNGXmlTestSuite.java:71)
	at org.apache.maven.surefire.testng.TestNGProvider.invoke(TestNGProvider.java:113)
	at org.apache.maven.surefire.booter.ForkedBooter.runSuitesInProcess(ForkedBooter.java:385)
	at org.apache.maven.surefire.booter.ForkedBooter.execute(ForkedBooter.java:162)
	at org.apache.maven.surefire.booter.ForkedBooter.run(ForkedBooter.java:507)
	at org.apache.maven.surefire.booter.ForkedBooter.main(ForkedBooter.java:495)
]]></failure>
    <system-err><![CDATA[Aug 15, 2026 7:04:31 PM org.openqa.selenium.devtools.CdpVersionFinder findNearestMatch
WARNING: Unable to find an exact match for CDP version 151, returning the closest version; found: 149; Please update to a Selenium version that supports CDP version 151
]]></system-err>
  </testcase>
</testsuite>