<?xml version="1.0" encoding="UTF-8"?>
<testng-results ignored="0" total="30" passed="25" failed="5" skipped="0">
  <reporter-output>
  </reporter-output>
  <suite started-at="2026-08-15T19:00:15 PKT" name="Test Suite" finished-at="2026-08-15T19:04:52 PKT" duration-ms="277531">
    <groups>
      <group name="regression">
        <method signature="Admin_Test.Verify_Reset_Search_Filter()[pri:0, instance:TestCases.Admin_Test@5340477f]" name="Verify_Reset_Search_Filter" class="TestCases.Admin_Test"/>
        <method signature="Dashboard_Test.Verify_Dashboard_display()[pri:0, instance:TestCases.Dashboard_Test@2657d4dd]" name="Verify_Dashboard_display" class="TestCases.Dashboard_Test"/>
        <method signature="Dashboard_Test.Verify_Leavemenu_navigation()[pri:0, instance:TestCases.Dashboard_Test@2657d4dd]" name="Verify_Leavemenu_navigation" class="TestCases.Dashboard_Test"/>
        <method signature="Dashboard_Test.Verify_Pimmenu_navigation()[pri:0, instance:TestCases.Dashboard_Test@2657d4dd]" name="Verify_Pimmenu_navigation" class="TestCases.Dashboard_Test"/>
        <method signature="Dashboard_Test.Verify_adminmenu_navigation()[pri:0, instance:TestCases.Dashboard_Test@2657d4dd]" name="Verify_adminmenu_navigation" class="TestCases.Dashboard_Test"/>
        <method signature="Dashboard_Test.Verify_logout_Functionality()[pri:0, instance:TestCases.Dashboard_Test@2657d4dd]" name="Verify_logout_Functionality" class="TestCases.Dashboard_Test"/>
        <method signature="Login_Test.Verify_forgetPassword_link()[pri:0, instance:TestCases.Login_Test@5b38c1ec]" name="Verify_forgetPassword_link" class="TestCases.Login_Test"/>
      </group> <!-- regression -->
      <group name="smoke">
        <method signature="Admin_Test.Verify_Reset_Search_Filter()[pri:0, instance:TestCases.Admin_Test@5340477f]" name="Verify_Reset_Search_Filter" class="TestCases.Admin_Test"/>
        <method signature="Dashboard_Test.Verify_Dashboard_display()[pri:0, instance:TestCases.Dashboard_Test@2657d4dd]" name="Verify_Dashboard_display" class="TestCases.Dashboard_Test"/>
        <method signature="Dashboard_Test.Verify_logout_Functionality()[pri:0, instance:TestCases.Dashboard_Test@2657d4dd]" name="Verify_logout_Functionality" class="TestCases.Dashboard_Test"/>
      </group> <!-- smoke -->
      <group name="admin">
        <method signature="Admin_Test.Verify_Reset_Search_Filter()[pri:0, instance:TestCases.Admin_Test@5340477f]" name="Verify_Reset_Search_Filter" class="TestCases.Admin_Test"/>
      </group> <!-- admin -->
      <group name="login">
        <method signature="Login_Test.Verify_forgetPassword_link()[pri:0, instance:TestCases.Login_Test@5b38c1ec]" name="Verify_forgetPassword_link" class="TestCases.Login_Test"/>
      </group> <!-- login -->
      <group name="dashboard">
        <method signature="Dashboard_Test.Verify_Dashboard_display()[pri:0, instance:TestCases.Dashboard_Test@2657d4dd]" name="Verify_Dashboard_display" class="TestCases.Dashboard_Test"/>
        <method signature="Dashboard_Test.Verify_Leavemenu_navigation()[pri:0, instance:TestCases.Dashboard_Test@2657d4dd]" name="Verify_Leavemenu_navigation" class="TestCases.Dashboard_Test"/>
        <method signature="Dashboard_Test.Verify_Pimmenu_navigation()[pri:0, instance:TestCases.Dashboard_Test@2657d4dd]" name="Verify_Pimmenu_navigation" class="TestCases.Dashboard_Test"/>
        <method signature="Dashboard_Test.Verify_adminmenu_navigation()[pri:0, instance:TestCases.Dashboard_Test@2657d4dd]" name="Verify_adminmenu_navigation" class="TestCases.Dashboard_Test"/>
        <method signature="Dashboard_Test.Verify_logout_Functionality()[pri:0, instance:TestCases.Dashboard_Test@2657d4dd]" name="Verify_logout_Functionality" class="TestCases.Dashboard_Test"/>
      </group> <!-- dashboard -->
    </groups>
    <test started-at="2026-08-15T19:00:15 PKT" name="OrangeHRM Tests" finished-at="2026-08-15T19:04:52 PKT" duration-ms="277531">
      <class name="TestCases.Leave_Test">
        <test-method is-config="true" signature="setup()[pri:0, instance:TestCases.Leave_Test@7eecb5b8]" started-at="2026-08-15T19:04:30 PKT" name="setup" finished-at="2026-08-15T19:04:33 PKT" duration-ms="3542" status="PASS">
          <reporter-output>
          </reporter-output>
        </test-method> <!-- setup -->
        <test-method signature="Assign_leavetoEmployee(java.lang.String,java.lang.String,java.lang.String,java.lang.String,java.lang.String,java.lang.String,java.lang.String,java.lang.String)[pri:0, instance:TestCases.Leave_Test@7eecb5b8]" started-at="2026-08-15T19:04:33 PKT" name="Assign_leavetoEmployee" data-provider="AssignLeaveData" finished-at="2026-08-15T19:04:52 PKT" duration-ms="18598" status="FAIL">
          <params>
            <param index="0">
              <value>
                <![CDATA[Muhammad Ayyan ]]>
              </value>
            </param>
            <param index="1">
              <value>
                <![CDATA[CAN - Bereavement]]>
              </value>
            </param>
            <param index="2">
              <value>
                <![CDATA[2026-20-8]]>
              </value>
            </param>
            <param index="3">
              <value>
                <![CDATA[2026-30-8]]>
              </value>
            </param>
            <param index="4">
              <value>
                <![CDATA[Start and End Day]]>
              </value>
            </param>
            <param index="5">
              <value>
                <![CDATA[Half Day - Morning]]>
              </value>
            </param>
            <param index="6">
              <value>
                <![CDATA[Half Day - Morning]]>
              </value>
            </param>
            <param index="7">
              <value>
                <![CDATA[Doing Some Automation Testing]]>
              </value>
            </param>
          </params>
          <exception class="java.lang.AssertionError">
            <message>
              <![CDATA[Assign Leave test failed due to automation error: Expected condition failed: waiting for element found by By.xpath: //span[normalize-space()='Muhammad Ayyan Tariq'] to be clickable, but the element was not found: org.openqa.selenium.NoSuchElementException: no such element: Unable to locate element: {"method":"xpath","selector":"//span[normalize-space()='Muhammad Ayyan Tariq']"}.
(tried for 10 seconds with 500 milliseconds interval)
Build info: version: '4.45.0', revision: 'cd6a3cd cd6a3cdfca6970f62e5bc8344109d0fe0e2af05e'
System info: os.name: 'Windows 11', os.arch: 'amd64', os.version: '10.0', java.version: '23'
Driver info: org.openqa.selenium.chrome.ChromeDriver
Capabilities {acceptInsecureCerts: false, browserName: chrome, browserVersion: 151.0.7922.138, chrome: {chromedriverVersion: 151.0.7922.138 (41fa8244239..., userDataDir: C:\Users\user\AppData\Local...}, fedcm:accounts: true, goog:chromeOptions: {debuggerAddress: localhost:53762}, goog:processID: 12304, networkConnectionEnabled: false, pageLoadStrategy: normal, platformName: windows, proxy: Proxy(), se:cdp: ws://localhost:53762/devtoo..., se:cdpVersion: 151.0.7922.138, setWindowRect: true, strictFileInteractability: false, timeouts: {implicit: 0, pageLoad: 300000, script: 30000}, unhandledPromptBehavior: dismiss and notify, webauthn:extension:credBlob: true, webauthn:extension:largeBlob: true, webauthn:extension:minPinLength: true, webauthn:extension:prf: true, webauthn:virtualAuthenticators: true}
Session ID: 9809ceea0591f28a59f505a666c4ed89]]>
            </message>
            <full-stacktrace>
              <![CDATA[java.lang.AssertionError: Assign Leave test failed due to automation error: Expected condition failed: waiting for element found by By.xpath: //span[normalize-space()='Muhammad Ayyan Tariq'] to be clickable, but the element was not found: org.openqa.selenium.NoSuchElementException: no such element: Unable to locate element: {"method":"xpath","selector":"//span[normalize-space()='Muhammad Ayyan Tariq']"}.
(tried for 10 seconds with 500 milliseconds interval)
Build info: version: '4.45.0', revision: 'cd6a3cd cd6a3cdfca6970f62e5bc8344109d0fe0e2af05e'
System info: os.name: 'Windows 11', os.arch: 'amd64', os.version: '10.0', java.version: '23'
Driver info: org.openqa.selenium.chrome.ChromeDriver
Capabilities {acceptInsecureCerts: false, browserName: chrome, browserVersion: 151.0.7922.138, chrome: {chromedriverVersion: 151.0.7922.138 (41fa8244239..., userDataDir: C:\Users\user\AppData\Local...}, fedcm:accounts: true, goog:chromeOptions: {debuggerAddress: localhost:53762}, goog:processID: 12304, networkConnectionEnabled: false, pageLoadStrategy: normal, platformName: windows, proxy: Proxy(), se:cdp: ws://localhost:53762/devtoo..., se:cdpVersion: 151.0.7922.138, setWindowRect: true, strictFileInteractability: false, timeouts: {implicit: 0, pageLoad: 300000, script: 30000}, unhandledPromptBehavior: dismiss and notify, webauthn:extension:credBlob: true, webauthn:extension:largeBlob: true, webauthn:extension:minPinLength: true, webauthn:extension:prf: true, webauthn:virtualAuthenticators: true}
Session ID: 9809ceea0591f28a59f505a666c4ed89
at org.testng.Assert.fail(Assert.java:111)
at TestCases.Leave_Test.Assign_leavetoEmployee(Leave_Test.java:78)
at java.base/jdk.internal.reflect.DirectMethodHandleAccessor.invoke(DirectMethodHandleAccessor.java:103)
at java.base/java.lang.reflect.Method.invoke(Method.java:580)
at org.testng.internal.invokers.MethodInvocationHelper.invokeMethod(MethodInvocationHelper.java:141)
at org.testng.internal.invokers.TestInvoker.invokeMethod(TestInvoker.java:697)
at org.testng.internal.invokers.TestInvoker.invokeTestMethod(TestInvoker.java:230)
at org.testng.internal.invokers.MethodRunner.runInSequence(MethodRunner.java:63)
at org.testng.internal.invokers.TestInvoker$MethodInvocationAgent.invoke(TestInvoker.java:1005)
at org.testng.internal.invokers.TestInvoker.invokeTestMethods(TestInvoker.java:203)
at org.testng.internal.invokers.TestMethodWorker.invokeTestMethods(TestMethodWorker.java:154)
at org.testng.internal.invokers.TestMethodWorker.run(TestMethodWorker.java:134)
at java.base/java.util.ArrayList.forEach(ArrayList.java:1597)
at org.testng.TestRunner.privateRun(TestRunner.java:744)
at org.testng.TestRunner.run(TestRunner.java:616)
at org.testng.SuiteRunner.runTest(SuiteRunner.java:421)
at org.testng.SuiteRunner.runSequentially(SuiteRunner.java:413)
at org.testng.SuiteRunner.privateRun(SuiteRunner.java:373)
at org.testng.SuiteRunner.run(SuiteRunner.java:312)
at org.testng.SuiteRunnerWorker.runSuite(SuiteRunnerWorker.java:52)
at org.testng.SuiteRunnerWorker.run(SuiteRunnerWorker.java:95)
at org.testng.TestNG.runSuitesSequentially(TestNG.java:1274)
at org.testng.TestNG.runSuitesLocally(TestNG.java:1208)
at org.testng.TestNG.runSuites(TestNG.java:1112)
at org.testng.TestNG.run(TestNG.java:1079)
at org.apache.maven.surefire.testng.TestNGExecutor.run(TestNGExecutor.java:308)
at org.apache.maven.surefire.testng.TestNGXmlTestSuite.execute(TestNGXmlTestSuite.java:71)
at org.apache.maven.surefire.testng.TestNGProvider.invoke(TestNGProvider.java:113)
at org.apache.maven.surefire.booter.ForkedBooter.runSuitesInProcess(ForkedBooter.java:385)
at org.apache.maven.surefire.booter.ForkedBooter.execute(ForkedBooter.java:162)
at org.apache.maven.surefire.booter.ForkedBooter.run(ForkedBooter.java:507)
at org.apache.maven.surefire.booter.ForkedBooter.main(ForkedBooter.java:495)
]]>
            </full-stacktrace>
          </exception> <!-- java.lang.AssertionError -->
          <reporter-output>
          </reporter-output>
        </test-method> <!-- Assign_leavetoEmployee -->
        <test-method is-config="true" signature="tearDown(org.testng.ITestResult)[pri:0, instance:TestCases.Leave_Test@7eecb5b8]" started-at="2026-08-15T19:04:52 PKT" name="tearDown" finished-at="2026-08-15T19:04:52 PKT" duration-ms="559" status="PASS">
          <params>
            <param index="0">
              <value>
                <![CDATA[[TestResult name=Assign_leavetoEmployee status=FAILURE method=Leave_Test.Assign_leavetoEmployee(java.lang.String,java.lang.String,java.lang.String,java.lang.String,java.lang.String,java.lang.String,java.lang.String,java.lang.String)[pri:0, instance:TestCases.Leave_Test@7eecb5b8] output={null}]]]>
              </value>
            </param>
          </params>
          <reporter-output>
          </reporter-output>
        </test-method> <!-- tearDown -->
      </class> <!-- TestCases.Leave_Test -->
      <class name="TestCases.Recruitment_Test">
        <test-method is-config="true" signature="setup()[pri:0, instance:TestCases.Recruitment_Test@387a8303]" started-at="2026-08-15T19:02:43 PKT" name="setup" finished-at="2026-08-15T19:02:47 PKT" duration-ms="4089" status="PASS">
          <reporter-output>
          </reporter-output>
        </test-method> <!-- setup -->
        <test-method signature="AddNewCandidate(java.lang.String,java.lang.String,java.lang.String,java.lang.String,java.lang.String,java.lang.String,java.lang.String,java.lang.String,java.lang.String)[pri:0, instance:TestCases.Recruitment_Test@387a8303]" started-at="2026-08-15T19:02:47 PKT" name="AddNewCandidate" data-provider="AddCandidateData" finished-at="2026-08-15T19:02:55 PKT" duration-ms="7989" status="PASS">
          <params>
            <param index="0">
              <value>
                <![CDATA[Muhammad]]>
              </value>
            </param>
            <param index="1">
              <value>
                <![CDATA[Haris]]>
              </value>
            </param>
            <param index="2">
              <value>
                <![CDATA[Tariq]]>
              </value>
            </param>
            <param index="3">
              <value>
                <![CDATA[Senior QA Lead]]>
              </value>
            </param>
            <param index="4">
              <value>
                <![CDATA[abc@gmail.com]]>
              </value>
            </param>
            <param index="5">
              <value>
                <![CDATA[123456789]]>
              </value>
            </param>
            <param index="6">
              <value>
                <![CDATA[Selenium]]>
              </value>
            </param>
            <param index="7">
              <value>
                <![CDATA[2026-10-07]]>
              </value>
            </param>
            <param index="8">
              <value>
                <![CDATA[AutomationCandidate]]>
              </value>
            </param>
          </params>
          <reporter-output>
          </reporter-output>
        </test-method> <!-- AddNewCandidate -->
        <test-method is-config="true" signature="tearDown(org.testng.ITestResult)[pri:0, instance:TestCases.Recruitment_Test@387a8303]" started-at="2026-08-15T19:02:55 PKT" name="tearDown" finished-at="2026-08-15T19:02:55 PKT" duration-ms="284" status="PASS">
          <params>
            <param index="0">
              <value>
                <![CDATA[[TestResult name=AddNewCandidate status=SUCCESS method=Recruitment_Test.AddNewCandidate(java.lang.String,java.lang.String,java.lang.String,java.lang.String,java.lang.String,java.lang.String,java.lang.String,java.lang.String,java.lang.String)[pri:0, instance:TestCases.Recruitment_Test@387a8303] output={null}]]]>
              </value>
            </param>
          </params>
          <reporter-output>
          </reporter-output>
        </test-method> <!-- tearDown -->
        <test-method is-config="true" signature="setup()[pri:0, instance:TestCases.Recruitment_Test@387a8303]" started-at="2026-08-15T19:02:55 PKT" name="setup" finished-at="2026-08-15T19:02:59 PKT" duration-ms="3617" status="PASS">
          <reporter-output>
          </reporter-output>
        </test-method> <!-- setup -->
        <test-method signature="SearchByCandidateName(java.lang.String,java.lang.String,java.lang.String,java.lang.String,java.lang.String)[pri:0, instance:TestCases.Recruitment_Test@387a8303]" started-at="2026-08-15T19:02:59 PKT" name="SearchByCandidateName" data-provider="CandidateSearchData" finished-at="2026-08-15T19:03:08 PKT" duration-ms="9309" status="PASS">
          <params>
            <param index="0">
              <value>
                <![CDATA[Muhammad Haris]]>
              </value>
            </param>
            <param index="1">
              <value>
                <![CDATA[Tariq]]>
              </value>
            </param>
            <param index="2">
              <value>
                <![CDATA[abc@gmail.com]]>
              </value>
            </param>
            <param index="3">
              <value>
                <![CDATA[Muhammad Haris ]]>
              </value>
            </param>
            <param index="4">
              <value>
                <![CDATA[Muhammad Haris Tariq]]>
              </value>
            </param>
          </params>
          <reporter-output>
          </reporter-output>
        </test-method> <!-- SearchByCandidateName -->
        <test-method is-config="true" signature="tearDown(org.testng.ITestResult)[pri:0, instance:TestCases.Recruitment_Test@387a8303]" started-at="2026-08-15T19:03:08 PKT" name="tearDown" finished-at="2026-08-15T19:03:10 PKT" duration-ms="1951" status="PASS">
          <params>
            <param index="0">
              <value>
                <![CDATA[[TestResult name=SearchByCandidateName status=SUCCESS method=Recruitment_Test.SearchByCandidateName(java.lang.String,java.lang.String,java.lang.String,java.lang.String,java.lang.String)[pri:0, instance:TestCases.Recruitment_Test@387a8303] output={null}]]]>
              </value>
            </param>
          </params>
          <reporter-output>
          </reporter-output>
        </test-method> <!-- tearDown -->
        <test-method is-config="true" signature="setup()[pri:0, instance:TestCases.Recruitment_Test@387a8303]" started-at="2026-08-15T19:03:10 PKT" name="setup" finished-at="2026-08-15T19:03:14 PKT" duration-ms="3633" status="PASS">
          <reporter-output>
          </reporter-output>
        </test-method> <!-- setup -->
        <test-method signature="SearchByVacancy(java.lang.String,java.lang.String,java.lang.String,java.lang.String,java.lang.String,java.lang.String,java.lang.String)[pri:0, instance:TestCases.Recruitment_Test@387a8303]" started-at="2026-08-15T19:03:14 PKT" name="SearchByVacancy" data-provider="SearchByVacancyData" finished-at="2026-08-15T19:03:24 PKT" duration-ms="10587" status="PASS">
          <params>
            <param index="0">
              <value>
                <![CDATA[Muhammad Harry]]>
              </value>
            </param>
            <param index="1">
              <value>
                <![CDATA[Tariq]]>
              </value>
            </param>
            <param index="2">
              <value>
                <![CDATA[abc@gmail.com]]>
              </value>
            </param>
            <param index="3">
              <value>
                <![CDATA[Senior QA Lead]]>
              </value>
            </param>
            <param index="4">
              <value>
                <![CDATA[Muhammad Harry ]]>
              </value>
            </param>
            <param index="5">
              <value>
                <![CDATA[Muhammad Harry Tariq]]>
              </value>
            </param>
            <param index="6">
              <value>
                <![CDATA[Senior QA Lead]]>
              </value>
            </param>
          </params>
          <reporter-output>
          </reporter-output>
        </test-method> <!-- SearchByVacancy -->
        <test-method is-config="true" signature="tearDown(org.testng.ITestResult)[pri:0, instance:TestCases.Recruitment_Test@387a8303]" started-at="2026-08-15T19:03:24 PKT" name="tearDown" finished-at="2026-08-15T19:03:25 PKT" duration-ms="417" status="PASS">
          <params>
            <param index="0">
              <value>
                <![CDATA[[TestResult name=SearchByVacancy status=SUCCESS method=Recruitment_Test.SearchByVacancy(java.lang.String,java.lang.String,java.lang.String,java.lang.String,java.lang.String,java.lang.String,java.lang.String)[pri:0, instance:TestCases.Recruitment_Test@387a8303] output={null}]]]>
              </value>
            </param>
          </params>
          <reporter-output>
          </reporter-output>
        </test-method> <!-- tearDown -->
        <test-method is-config="true" signature="setup()[pri:0, instance:TestCases.Recruitment_Test@387a8303]" started-at="2026-08-15T19:03:25 PKT" name="setup" finished-at="2026-08-15T19:03:29 PKT" duration-ms="3694" status="PASS">
          <reporter-output>
          </reporter-output>
        </test-method> <!-- setup -->
        <test-method signature="validate_Functionality_of_JobTitle(java.lang.String,java.lang.String)[pri:0, instance:TestCases.Recruitment_Test@387a8303]" started-at="2026-08-15T19:03:29 PKT" name="validate_Functionality_of_JobTitle" data-provider="JobTitleData" finished-at="2026-08-15T19:03:34 PKT" duration-ms="5637" status="PASS">
          <params>
            <param index="0">
              <value>
                <![CDATA[QA Lead]]>
              </value>
            </param>
            <param index="1">
              <value>
                <![CDATA[Senior QA Lead]]>
              </value>
            </param>
          </params>
          <reporter-output>
          </reporter-output>
        </test-method> <!-- validate_Functionality_of_JobTitle -->
        <test-method is-config="true" signature="tearDown(org.testng.ITestResult)[pri:0, instance:TestCases.Recruitment_Test@387a8303]" started-at="2026-08-15T19:03:34 PKT" name="tearDown" finished-at="2026-08-15T19:03:35 PKT" duration-ms="367" status="PASS">
          <params>
            <param index="0">
              <value>
                <![CDATA[[TestResult name=validate_Functionality_of_JobTitle status=SUCCESS method=Recruitment_Test.validate_Functionality_of_JobTitle(java.lang.String,java.lang.String)[pri:0, instance:TestCases.Recruitment_Test@387a8303] output={null}]]]>
              </value>
            </param>
          </params>
          <reporter-output>
          </reporter-output>
        </test-method> <!-- tearDown -->
        <test-method is-config="true" signature="setup()[pri:0, instance:TestCases.Recruitment_Test@387a8303]" started-at="2026-08-15T19:03:35 PKT" name="setup" finished-at="2026-08-15T19:03:38 PKT" duration-ms="3533" status="PASS">
          <reporter-output>
          </reporter-output>
        </test-method> <!-- setup -->
        <test-method signature="validate_Functionality_of_ResetCandidateSearch()[pri:0, instance:TestCases.Recruitment_Test@387a8303]" started-at="2026-08-15T19:03:38 PKT" name="validate_Functionality_of_ResetCandidateSearch" finished-at="2026-08-15T19:03:43 PKT" duration-ms="5045" status="PASS">
          <reporter-output>
          </reporter-output>
        </test-method> <!-- validate_Functionality_of_ResetCandidateSearch -->
        <test-method is-config="true" signature="tearDown(org.testng.ITestResult)[pri:0, instance:TestCases.Recruitment_Test@387a8303]" started-at="2026-08-15T19:03:43 PKT" name="tearDown" finished-at="2026-08-15T19:03:43 PKT" duration-ms="322" status="PASS">
          <params>
            <param index="0">
              <value>
                <![CDATA[[TestResult name=validate_Functionality_of_ResetCandidateSearch status=SUCCESS method=Recruitment_Test.validate_Functionality_of_ResetCandidateSearch()[pri:0, instance:TestCases.Recruitment_Test@387a8303] output={null}]]]>
              </value>
            </param>
          </params>
          <reporter-output>
          </reporter-output>
        </test-method> <!-- tearDown -->
      </class> <!-- TestCases.Recruitment_Test -->
      <class name="TestCases.Login_Test">
        <test-method is-config="true" signature="setup()[pri:0, instance:TestCases.Login_Test@5b38c1ec]" started-at="2026-08-15T19:00:16 PKT" name="setup" finished-at="2026-08-15T19:00:21 PKT" duration-ms="4794" status="PASS">
          <reporter-output>
          </reporter-output>
        </test-method> <!-- setup -->
        <test-method signature="LoginTest(java.lang.String,java.lang.String)[pri:0, instance:TestCases.Login_Test@5b38c1ec]" started-at="2026-08-15T19:00:21 PKT" name="LoginTest" data-provider="LoginData" finished-at="2026-08-15T19:00:22 PKT" duration-ms="1039" status="PASS">
          <params>
            <param index="0">
              <value>
                <![CDATA[Admin]]>
              </value>
            </param>
            <param index="1">
              <value>
                <![CDATA[admin123]]>
              </value>
            </param>
          </params>
          <reporter-output>
          </reporter-output>
        </test-method> <!-- LoginTest -->
        <test-method is-config="true" signature="tearDown(org.testng.ITestResult)[pri:0, instance:TestCases.Login_Test@5b38c1ec]" started-at="2026-08-15T19:00:22 PKT" name="tearDown" finished-at="2026-08-15T19:00:23 PKT" duration-ms="307" status="PASS">
          <params>
            <param index="0">
              <value>
                <![CDATA[[TestResult name=LoginTest status=SUCCESS method=Login_Test.LoginTest(java.lang.String,java.lang.String)[pri:0, instance:TestCases.Login_Test@5b38c1ec] output={null}]]]>
              </value>
            </param>
          </params>
          <reporter-output>
          </reporter-output>
        </test-method> <!-- tearDown -->
        <test-method is-config="true" signature="setup()[pri:0, instance:TestCases.Login_Test@5b38c1ec]" started-at="2026-08-15T19:00:23 PKT" name="setup" finished-at="2026-08-15T19:00:27 PKT" duration-ms="3979" status="PASS">
          <reporter-output>
          </reporter-output>
        </test-method> <!-- setup -->
        <test-method signature="LoginTest(java.lang.String,java.lang.String)[pri:0, instance:TestCases.Login_Test@5b38c1ec]" started-at="2026-08-15T19:00:27 PKT" name="LoginTest" data-provider="LoginData" finished-at="2026-08-15T19:00:28 PKT" duration-ms="1029" status="PASS">
          <params>
            <param index="0">
              <value>
                <![CDATA[InvalidUser]]>
              </value>
            </param>
            <param index="1">
              <value>
                <![CDATA[admin123]]>
              </value>
            </param>
          </params>
          <reporter-output>
          </reporter-output>
        </test-method> <!-- LoginTest -->
        <test-method is-config="true" signature="tearDown(org.testng.ITestResult)[pri:0, instance:TestCases.Login_Test@5b38c1ec]" started-at="2026-08-15T19:00:28 PKT" name="tearDown" finished-at="2026-08-15T19:00:28 PKT" duration-ms="338" status="PASS">
          <params>
            <param index="0">
              <value>
                <![CDATA[[TestResult name=LoginTest status=SUCCESS method=Login_Test.LoginTest(java.lang.String,java.lang.String)[pri:0, instance:TestCases.Login_Test@5b38c1ec] output={null}]]]>
              </value>
            </param>
          </params>
          <reporter-output>
          </reporter-output>
        </test-method> <!-- tearDown -->
        <test-method is-config="true" signature="setup()[pri:0, instance:TestCases.Login_Test@5b38c1ec]" started-at="2026-08-15T19:00:28 PKT" name="setup" finished-at="2026-08-15T19:00:32 PKT" duration-ms="3594" status="PASS">
          <reporter-output>
          </reporter-output>
        </test-method> <!-- setup -->
        <test-method signature="LoginTest(java.lang.String,java.lang.String)[pri:0, instance:TestCases.Login_Test@5b38c1ec]" started-at="2026-08-15T19:00:32 PKT" name="LoginTest" data-provider="LoginData" finished-at="2026-08-15T19:00:33 PKT" duration-ms="1187" status="PASS">
          <params>
            <param index="0">
              <value>
                <![CDATA[Admin]]>
              </value>
            </param>
            <param index="1">
              <value>
                <![CDATA[wrong123]]>
              </value>
            </param>
          </params>
          <reporter-output>
          </reporter-output>
        </test-method> <!-- LoginTest -->
        <test-method is-config="true" signature="tearDown(org.testng.ITestResult)[pri:0, instance:TestCases.Login_Test@5b38c1ec]" started-at="2026-08-15T19:00:33 PKT" name="tearDown" finished-at="2026-08-15T19:00:33 PKT" duration-ms="487" status="PASS">
          <params>
            <param index="0">
              <value>
                <![CDATA[[TestResult name=LoginTest status=SUCCESS method=Login_Test.LoginTest(java.lang.String,java.lang.String)[pri:0, instance:TestCases.Login_Test@5b38c1ec] output={null}]]]>
              </value>
            </param>
          </params>
          <reporter-output>
          </reporter-output>
        </test-method> <!-- tearDown -->
        <test-method is-config="true" signature="setup()[pri:0, instance:TestCases.Login_Test@5b38c1ec]" started-at="2026-08-15T19:00:33 PKT" name="setup" finished-at="2026-08-15T19:00:37 PKT" duration-ms="3536" status="PASS">
          <reporter-output>
          </reporter-output>
        </test-method> <!-- setup -->
        <test-method signature="Verify_forgetPassword_link()[pri:0, instance:TestCases.Login_Test@5b38c1ec]" started-at="2026-08-15T19:00:37 PKT" name="Verify_forgetPassword_link" finished-at="2026-08-15T19:00:38 PKT" duration-ms="1214" status="PASS">
          <reporter-output>
          </reporter-output>
        </test-method> <!-- Verify_forgetPassword_link -->
        <test-method is-config="true" signature="tearDown(org.testng.ITestResult)[pri:0, instance:TestCases.Login_Test@5b38c1ec]" started-at="2026-08-15T19:00:38 PKT" name="tearDown" finished-at="2026-08-15T19:00:38 PKT" duration-ms="369" status="PASS">
          <params>
            <param index="0">
              <value>
                <![CDATA[[TestResult name=Verify_forgetPassword_link status=SUCCESS method=Login_Test.Verify_forgetPassword_link()[pri:0, instance:TestCases.Login_Test@5b38c1ec] output={null}]]]>
              </value>
            </param>
          </params>
          <reporter-output>
          </reporter-output>
        </test-method> <!-- tearDown -->
        <test-method is-config="true" signature="setup()[pri:0, instance:TestCases.Login_Test@5b38c1ec]" started-at="2026-08-15T19:00:38 PKT" name="setup" finished-at="2026-08-15T19:00:42 PKT" duration-ms="3438" status="PASS">
          <reporter-output>
          </reporter-output>
        </test-method> <!-- setup -->
        <test-method signature="Verify_login()[pri:0, instance:TestCases.Login_Test@5b38c1ec]" started-at="2026-08-15T19:00:42 PKT" name="Verify_login" finished-at="2026-08-15T19:00:42 PKT" duration-ms="575" status="PASS">
          <reporter-output>
          </reporter-output>
        </test-method> <!-- Verify_login -->
        <test-method is-config="true" signature="tearDown(org.testng.ITestResult)[pri:0, instance:TestCases.Login_Test@5b38c1ec]" started-at="2026-08-15T19:00:42 PKT" name="tearDown" finished-at="2026-08-15T19:00:43 PKT" duration-ms="342" status="PASS">
          <params>
            <param index="0">
              <value>
                <![CDATA[[TestResult name=Verify_login status=SUCCESS method=Login_Test.Verify_login()[pri:0, instance:TestCases.Login_Test@5b38c1ec] output={null}]]]>
              </value>
            </param>
          </params>
          <reporter-output>
          </reporter-output>
        </test-method> <!-- tearDown -->
      </class> <!-- TestCases.Login_Test -->
      <class name="TestCases.Dashboard_Test">
        <test-method is-config="true" signature="setup()[pri:0, instance:TestCases.Dashboard_Test@2657d4dd]" started-at="2026-08-15T19:00:43 PKT" name="setup" finished-at="2026-08-15T19:00:46 PKT" duration-ms="3468" status="PASS">
          <reporter-output>
          </reporter-output>
        </test-method> <!-- setup -->
        <test-method signature="Verify_Dashboard_display()[pri:0, instance:TestCases.Dashboard_Test@2657d4dd]" started-at="2026-08-15T19:00:46 PKT" name="Verify_Dashboard_display" finished-at="2026-08-15T19:00:49 PKT" duration-ms="2552" status="PASS">
          <reporter-output>
          </reporter-output>
        </test-method> <!-- Verify_Dashboard_display -->
        <test-method is-config="true" signature="tearDown(org.testng.ITestResult)[pri:0, instance:TestCases.Dashboard_Test@2657d4dd]" started-at="2026-08-15T19:00:49 PKT" name="tearDown" finished-at="2026-08-15T19:00:49 PKT" duration-ms="429" status="PASS">
          <params>
            <param index="0">
              <value>
                <![CDATA[[TestResult name=Verify_Dashboard_display status=SUCCESS method=Dashboard_Test.Verify_Dashboard_display()[pri:0, instance:TestCases.Dashboard_Test@2657d4dd] output={null}]]]>
              </value>
            </param>
          </params>
          <reporter-output>
          </reporter-output>
        </test-method> <!-- tearDown -->
        <test-method is-config="true" signature="setup()[pri:0, instance:TestCases.Dashboard_Test@2657d4dd]" started-at="2026-08-15T19:00:49 PKT" name="setup" finished-at="2026-08-15T19:00:53 PKT" duration-ms="3389" status="PASS">
          <reporter-output>
          </reporter-output>
        </test-method> <!-- setup -->
        <test-method signature="Verify_Leavemenu_navigation()[pri:0, instance:TestCases.Dashboard_Test@2657d4dd]" started-at="2026-08-15T19:00:53 PKT" name="Verify_Leavemenu_navigation" finished-at="2026-08-15T19:00:56 PKT" duration-ms="3689" status="PASS">
          <reporter-output>
          </reporter-output>
        </test-method> <!-- Verify_Leavemenu_navigation -->
        <test-method is-config="true" signature="tearDown(org.testng.ITestResult)[pri:0, instance:TestCases.Dashboard_Test@2657d4dd]" started-at="2026-08-15T19:00:56 PKT" name="tearDown" finished-at="2026-08-15T19:00:57 PKT" duration-ms="334" status="PASS">
          <params>
            <param index="0">
              <value>
                <![CDATA[[TestResult name=Verify_Leavemenu_navigation status=SUCCESS method=Dashboard_Test.Verify_Leavemenu_navigation()[pri:0, instance:TestCases.Dashboard_Test@2657d4dd] output={null}]]]>
              </value>
            </param>
          </params>
          <reporter-output>
          </reporter-output>
        </test-method> <!-- tearDown -->
        <test-method is-config="true" signature="setup()[pri:0, instance:TestCases.Dashboard_Test@2657d4dd]" started-at="2026-08-15T19:00:57 PKT" name="setup" finished-at="2026-08-15T19:01:00 PKT" duration-ms="3537" status="PASS">
          <reporter-output>
          </reporter-output>
        </test-method> <!-- setup -->
        <test-method signature="Verify_Pimmenu_navigation()[pri:0, instance:TestCases.Dashboard_Test@2657d4dd]" started-at="2026-08-15T19:01:00 PKT" name="Verify_Pimmenu_navigation" finished-at="2026-08-15T19:01:04 PKT" duration-ms="3686" status="PASS">
          <reporter-output>
          </reporter-output>
        </test-method> <!-- Verify_Pimmenu_navigation -->
        <test-method is-config="true" signature="tearDown(org.testng.ITestResult)[pri:0, instance:TestCases.Dashboard_Test@2657d4dd]" started-at="2026-08-15T19:01:04 PKT" name="tearDown" finished-at="2026-08-15T19:01:04 PKT" duration-ms="328" status="PASS">
          <params>
            <param index="0">
              <value>
                <![CDATA[[TestResult name=Verify_Pimmenu_navigation status=SUCCESS method=Dashboard_Test.Verify_Pimmenu_navigation()[pri:0, instance:TestCases.Dashboard_Test@2657d4dd] output={null}]]]>
              </value>
            </param>
          </params>
          <reporter-output>
          </reporter-output>
        </test-method> <!-- tearDown -->
        <test-method is-config="true" signature="setup()[pri:0, instance:TestCases.Dashboard_Test@2657d4dd]" started-at="2026-08-15T19:01:04 PKT" name="setup" finished-at="2026-08-15T19:01:06 PKT" duration-ms="1762" status="PASS">
          <reporter-output>
          </reporter-output>
        </test-method> <!-- setup -->
        <test-method signature="Verify_adminmenu_navigation()[pri:0, instance:TestCases.Dashboard_Test@2657d4dd]" started-at="2026-08-15T19:01:06 PKT" name="Verify_adminmenu_navigation" finished-at="2026-08-15T19:01:12 PKT" duration-ms="5560" status="PASS">
          <reporter-output>
          </reporter-output>
        </test-method> <!-- Verify_adminmenu_navigation -->
        <test-method is-config="true" signature="tearDown(org.testng.ITestResult)[pri:0, instance:TestCases.Dashboard_Test@2657d4dd]" started-at="2026-08-15T19:01:12 PKT" name="tearDown" finished-at="2026-08-15T19:01:12 PKT" duration-ms="442" status="PASS">
          <params>
            <param index="0">
              <value>
                <![CDATA[[TestResult name=Verify_adminmenu_navigation status=SUCCESS method=Dashboard_Test.Verify_adminmenu_navigation()[pri:0, instance:TestCases.Dashboard_Test@2657d4dd] output={null}]]]>
              </value>
            </param>
          </params>
          <reporter-output>
          </reporter-output>
        </test-method> <!-- tearDown -->
        <test-method is-config="true" signature="setup()[pri:0, instance:TestCases.Dashboard_Test@2657d4dd]" started-at="2026-08-15T19:01:12 PKT" name="setup" finished-at="2026-08-15T19:01:16 PKT" duration-ms="3580" status="PASS">
          <reporter-output>
          </reporter-output>
        </test-method> <!-- setup -->
        <test-method signature="Verify_logout_Functionality()[pri:0, instance:TestCases.Dashboard_Test@2657d4dd]" started-at="2026-08-15T19:01:16 PKT" name="Verify_logout_Functionality" finished-at="2026-08-15T19:01:20 PKT" duration-ms="3985" status="PASS">
          <reporter-output>
          </reporter-output>
        </test-method> <!-- Verify_logout_Functionality -->
        <test-method is-config="true" signature="tearDown(org.testng.ITestResult)[pri:0, instance:TestCases.Dashboard_Test@2657d4dd]" started-at="2026-08-15T19:01:20 PKT" name="tearDown" finished-at="2026-08-15T19:01:20 PKT" duration-ms="341" status="PASS">
          <params>
            <param index="0">
              <value>
                <![CDATA[[TestResult name=Verify_logout_Functionality status=SUCCESS method=Dashboard_Test.Verify_logout_Functionality()[pri:0, instance:TestCases.Dashboard_Test@2657d4dd] output={null}]]]>
              </value>
            </param>
          </params>
          <reporter-output>
          </reporter-output>
        </test-method> <!-- tearDown -->
      </class> <!-- TestCases.Dashboard_Test -->
      <class name="TestCases.Myinfo_Test">
        <test-method is-config="true" signature="setup()[pri:0, instance:TestCases.Myinfo_Test@1500b2f3]" started-at="2026-08-15T19:04:11 PKT" name="setup" finished-at="2026-08-15T19:04:13 PKT" duration-ms="1888" status="PASS">
          <reporter-output>
          </reporter-output>
        </test-method> <!-- setup -->
        <test-method signature="UpdatePersonalDetails(java.lang.String,java.lang.String,java.lang.String)[pri:0, instance:TestCases.Myinfo_Test@1500b2f3]" started-at="2026-08-15T19:04:13 PKT" name="UpdatePersonalDetails" data-provider="PersonalDetailsData" finished-at="2026-08-15T19:04:20 PKT" duration-ms="6825" status="PASS">
          <params>
            <param index="0">
              <value>
                <![CDATA[Muhammad]]>
              </value>
            </param>
            <param index="1">
              <value>
                <![CDATA[Haris]]>
              </value>
            </param>
            <param index="2">
              <value>
                <![CDATA[Tariq]]>
              </value>
            </param>
          </params>
          <reporter-output>
          </reporter-output>
        </test-method> <!-- UpdatePersonalDetails -->
        <test-method is-config="true" signature="tearDown(org.testng.ITestResult)[pri:0, instance:TestCases.Myinfo_Test@1500b2f3]" started-at="2026-08-15T19:04:20 PKT" name="tearDown" finished-at="2026-08-15T19:04:20 PKT" duration-ms="331" status="PASS">
          <params>
            <param index="0">
              <value>
                <![CDATA[[TestResult name=UpdatePersonalDetails status=SUCCESS method=Myinfo_Test.UpdatePersonalDetails(java.lang.String,java.lang.String,java.lang.String)[pri:0, instance:TestCases.Myinfo_Test@1500b2f3] output={null}]]]>
              </value>
            </param>
          </params>
          <reporter-output>
          </reporter-output>
        </test-method> <!-- tearDown -->
        <test-method is-config="true" signature="setup()[pri:0, instance:TestCases.Myinfo_Test@1500b2f3]" started-at="2026-08-15T19:04:20 PKT" name="setup" finished-at="2026-08-15T19:04:24 PKT" duration-ms="3597" status="PASS">
          <reporter-output>
          </reporter-output>
        </test-method> <!-- setup -->
        <test-method signature="UpdatePersonalDetails(java.lang.String,java.lang.String,java.lang.String)[pri:0, instance:TestCases.Myinfo_Test@1500b2f3]" started-at="2026-08-15T19:04:24 PKT" name="UpdatePersonalDetails" data-provider="PersonalDetailsData" finished-at="2026-08-15T19:04:29 PKT" duration-ms="5523" status="PASS">
          <params>
            <param index="0">
              <value>
                <![CDATA[Ali]]>
              </value>
            </param>
            <param index="1">
              <value>
                <![CDATA[Ahmed]]>
              </value>
            </param>
            <param index="2">
              <value>
                <![CDATA[Khan]]>
              </value>
            </param>
          </params>
          <reporter-output>
          </reporter-output>
        </test-method> <!-- UpdatePersonalDetails -->
        <test-method is-config="true" signature="tearDown(org.testng.ITestResult)[pri:0, instance:TestCases.Myinfo_Test@1500b2f3]" started-at="2026-08-15T19:04:29 PKT" name="tearDown" finished-at="2026-08-15T19:04:30 PKT" duration-ms="349" status="PASS">
          <params>
            <param index="0">
              <value>
                <![CDATA[[TestResult name=UpdatePersonalDetails status=SUCCESS method=Myinfo_Test.UpdatePersonalDetails(java.lang.String,java.lang.String,java.lang.String)[pri:0, instance:TestCases.Myinfo_Test@1500b2f3] output={null}]]]>
              </value>
            </param>
          </params>
          <reporter-output>
          </reporter-output>
        </test-method> <!-- tearDown -->
      </class> <!-- TestCases.Myinfo_Test -->
      <class name="TestCases.Admin_Test">
        <test-method is-config="true" signature="setup()[pri:0, instance:TestCases.Admin_Test@5340477f]" started-at="2026-08-15T19:01:20 PKT" name="setup" finished-at="2026-08-15T19:01:24 PKT" duration-ms="3655" status="PASS">
          <reporter-output>
          </reporter-output>
        </test-method> <!-- setup -->
        <test-method signature="Verify_Reset_Search_Filter()[pri:0, instance:TestCases.Admin_Test@5340477f]" started-at="2026-08-15T19:01:24 PKT" name="Verify_Reset_Search_Filter" finished-at="2026-08-15T19:01:28 PKT" duration-ms="4602" status="PASS">
          <reporter-output>
          </reporter-output>
        </test-method> <!-- Verify_Reset_Search_Filter -->
        <test-method is-config="true" signature="tearDown(org.testng.ITestResult)[pri:0, instance:TestCases.Admin_Test@5340477f]" started-at="2026-08-15T19:01:28 PKT" name="tearDown" finished-at="2026-08-15T19:01:28 PKT" duration-ms="284" status="PASS">
          <params>
            <param index="0">
              <value>
                <![CDATA[[TestResult name=Verify_Reset_Search_Filter status=SUCCESS method=Admin_Test.Verify_Reset_Search_Filter()[pri:0, instance:TestCases.Admin_Test@5340477f] output={null}]]]>
              </value>
            </param>
          </params>
          <reporter-output>
          </reporter-output>
        </test-method> <!-- tearDown -->
        <test-method is-config="true" signature="setup()[pri:0, instance:TestCases.Admin_Test@5340477f]" started-at="2026-08-15T19:01:29 PKT" name="setup" finished-at="2026-08-15T19:01:32 PKT" duration-ms="3483" status="PASS">
          <reporter-output>
          </reporter-output>
        </test-method> <!-- setup -->
        <test-method signature="Verify_Search_By_EmployeeName(java.lang.String)[pri:0, instance:TestCases.Admin_Test@5340477f]" started-at="2026-08-15T19:01:32 PKT" name="Verify_Search_By_EmployeeName" data-provider="EmployeeNameData" finished-at="2026-08-15T19:01:36 PKT" duration-ms="4351" status="FAIL">
          <params>
            <param index="0">
              <value>
                <![CDATA[oWcxuXqdoL itjvtUUngH]]>
              </value>
            </param>
          </params>
          <exception class="java.lang.AssertionError">
            <message>
              <![CDATA[expected [oWcxuXqdoL itjvtUUngH] but found [manda user]]]>
            </message>
            <full-stacktrace>
              <![CDATA[java.lang.AssertionError: expected [oWcxuXqdoL itjvtUUngH] but found [manda user]
at org.testng.Assert.fail(Assert.java:111)
at org.testng.Assert.failNotEquals(Assert.java:1590)
at org.testng.Assert.assertEqualsImpl(Assert.java:150)
at org.testng.Assert.assertEquals(Assert.java:132)
at org.testng.Assert.assertEquals(Assert.java:656)
at org.testng.Assert.assertEquals(Assert.java:666)
at TestCases.Admin_Test.Verify_Search_By_EmployeeName(Admin_Test.java:82)
at java.base/jdk.internal.reflect.DirectMethodHandleAccessor.invoke(DirectMethodHandleAccessor.java:103)
at java.base/java.lang.reflect.Method.invoke(Method.java:580)
at org.testng.internal.invokers.MethodInvocationHelper.invokeMethod(MethodInvocationHelper.java:141)
at org.testng.internal.invokers.TestInvoker.invokeMethod(TestInvoker.java:697)
at org.testng.internal.invokers.TestInvoker.invokeTestMethod(TestInvoker.java:230)
at org.testng.internal.invokers.MethodRunner.runInSequence(MethodRunner.java:63)
at org.testng.internal.invokers.TestInvoker$MethodInvocationAgent.invoke(TestInvoker.java:1005)
at org.testng.internal.invokers.TestInvoker.invokeTestMethods(TestInvoker.java:203)
at org.testng.internal.invokers.TestMethodWorker.invokeTestMethods(TestMethodWorker.java:154)
at org.testng.internal.invokers.TestMethodWorker.run(TestMethodWorker.java:134)
at java.base/java.util.ArrayList.forEach(ArrayList.java:1597)
at org.testng.TestRunner.privateRun(TestRunner.java:744)
at org.testng.TestRunner.run(TestRunner.java:616)
at org.testng.SuiteRunner.runTest(SuiteRunner.java:421)
at org.testng.SuiteRunner.runSequentially(SuiteRunner.java:413)
at org.testng.SuiteRunner.privateRun(SuiteRunner.java:373)
at org.testng.SuiteRunner.run(SuiteRunner.java:312)
at org.testng.SuiteRunnerWorker.runSuite(SuiteRunnerWorker.java:52)
at org.testng.SuiteRunnerWorker.run(SuiteRunnerWorker.java:95)
at org.testng.TestNG.runSuitesSequentially(TestNG.java:1274)
at org.testng.TestNG.runSuitesLocally(TestNG.java:1208)
at org.testng.TestNG.runSuites(TestNG.java:1112)
at org.testng.TestNG.run(TestNG.java:1079)
at org.apache.maven.surefire.testng.TestNGExecutor.run(TestNGExecutor.java:308)
at org.apache.maven.surefire.testng.TestNGXmlTestSuite.execute(TestNGXmlTestSuite.java:71)
at org.apache.maven.surefire.testng.TestNGProvider.invoke(TestNGProvider.java:113)
at org.apache.maven.surefire.booter.ForkedBooter.runSuitesInProcess(ForkedBooter.java:385)
at org.apache.maven.surefire.booter.ForkedBooter.execute(ForkedBooter.java:162)
at org.apache.maven.surefire.booter.ForkedBooter.run(ForkedBooter.java:507)
at org.apache.maven.surefire.booter.ForkedBooter.main(ForkedBooter.java:495)
]]>
            </full-stacktrace>
          </exception> <!-- java.lang.AssertionError -->
          <reporter-output>
          </reporter-output>
        </test-method> <!-- Verify_Search_By_EmployeeName -->
        <test-method is-config="true" signature="tearDown(org.testng.ITestResult)[pri:0, instance:TestCases.Admin_Test@5340477f]" started-at="2026-08-15T19:01:36 PKT" name="tearDown" finished-at="2026-08-15T19:01:37 PKT" duration-ms="701" status="PASS">
          <params>
            <param index="0">
              <value>
                <![CDATA[[TestResult name=Verify_Search_By_EmployeeName status=FAILURE method=Admin_Test.Verify_Search_By_EmployeeName(java.lang.String)[pri:0, instance:TestCases.Admin_Test@5340477f] output={null}]]]>
              </value>
            </param>
          </params>
          <reporter-output>
          </reporter-output>
        </test-method> <!-- tearDown -->
        <test-method is-config="true" signature="setup()[pri:0, instance:TestCases.Admin_Test@5340477f]" started-at="2026-08-15T19:01:37 PKT" name="setup" finished-at="2026-08-15T19:01:41 PKT" duration-ms="3545" status="PASS">
          <reporter-output>
          </reporter-output>
        </test-method> <!-- setup -->
        <test-method signature="Verify_Search_By_Status(java.lang.String)[pri:0, instance:TestCases.Admin_Test@5340477f]" started-at="2026-08-15T19:01:41 PKT" name="Verify_Search_By_Status" data-provider="StatusData" finished-at="2026-08-15T19:01:46 PKT" duration-ms="5000" status="PASS">
          <params>
            <param index="0">
              <value>
                <![CDATA[Enabled]]>
              </value>
            </param>
          </params>
          <reporter-output>
          </reporter-output>
        </test-method> <!-- Verify_Search_By_Status -->
        <test-method is-config="true" signature="tearDown(org.testng.ITestResult)[pri:0, instance:TestCases.Admin_Test@5340477f]" started-at="2026-08-15T19:01:46 PKT" name="tearDown" finished-at="2026-08-15T19:01:46 PKT" duration-ms="482" status="PASS">
          <params>
            <param index="0">
              <value>
                <![CDATA[[TestResult name=Verify_Search_By_Status status=SUCCESS method=Admin_Test.Verify_Search_By_Status(java.lang.String)[pri:0, instance:TestCases.Admin_Test@5340477f] output={null}]]]>
              </value>
            </param>
          </params>
          <reporter-output>
          </reporter-output>
        </test-method> <!-- tearDown -->
        <test-method is-config="true" signature="setup()[pri:0, instance:TestCases.Admin_Test@5340477f]" started-at="2026-08-15T19:01:46 PKT" name="setup" finished-at="2026-08-15T19:01:50 PKT" duration-ms="3573" status="PASS">
          <reporter-output>
          </reporter-output>
        </test-method> <!-- setup -->
        <test-method signature="Verify_Search_By_UserName(java.lang.String)[pri:0, instance:TestCases.Admin_Test@5340477f]" started-at="2026-08-15T19:01:50 PKT" name="Verify_Search_By_UserName" data-provider="UserNameData" finished-at="2026-08-15T19:01:55 PKT" duration-ms="5461" status="PASS">
          <params>
            <param index="0">
              <value>
                <![CDATA[Admin]]>
              </value>
            </param>
          </params>
          <reporter-output>
          </reporter-output>
        </test-method> <!-- Verify_Search_By_UserName -->
        <test-method is-config="true" signature="tearDown(org.testng.ITestResult)[pri:0, instance:TestCases.Admin_Test@5340477f]" started-at="2026-08-15T19:01:55 PKT" name="tearDown" finished-at="2026-08-15T19:01:56 PKT" duration-ms="415" status="PASS">
          <params>
            <param index="0">
              <value>
                <![CDATA[[TestResult name=Verify_Search_By_UserName status=SUCCESS method=Admin_Test.Verify_Search_By_UserName(java.lang.String)[pri:0, instance:TestCases.Admin_Test@5340477f] output={null}]]]>
              </value>
            </param>
          </params>
          <reporter-output>
          </reporter-output>
        </test-method> <!-- tearDown -->
        <test-method is-config="true" signature="setup()[pri:0, instance:TestCases.Admin_Test@5340477f]" started-at="2026-08-15T19:01:56 PKT" name="setup" finished-at="2026-08-15T19:01:59 PKT" duration-ms="3616" status="PASS">
          <reporter-output>
          </reporter-output>
        </test-method> <!-- setup -->
        <test-method signature="Verify_Search_By_UserRole(java.lang.String)[pri:0, instance:TestCases.Admin_Test@5340477f]" started-at="2026-08-15T19:01:59 PKT" name="Verify_Search_By_UserRole" data-provider="UserRoleData" finished-at="2026-08-15T19:02:04 PKT" duration-ms="4919" status="PASS">
          <params>
            <param index="0">
              <value>
                <![CDATA[Admin]]>
              </value>
            </param>
          </params>
          <reporter-output>
          </reporter-output>
        </test-method> <!-- Verify_Search_By_UserRole -->
        <test-method is-config="true" signature="tearDown(org.testng.ITestResult)[pri:0, instance:TestCases.Admin_Test@5340477f]" started-at="2026-08-15T19:02:04 PKT" name="tearDown" finished-at="2026-08-15T19:02:05 PKT" duration-ms="328" status="PASS">
          <params>
            <param index="0">
              <value>
                <![CDATA[[TestResult name=Verify_Search_By_UserRole status=SUCCESS method=Admin_Test.Verify_Search_By_UserRole(java.lang.String)[pri:0, instance:TestCases.Admin_Test@5340477f] output={null}]]]>
              </value>
            </param>
          </params>
          <reporter-output>
          </reporter-output>
        </test-method> <!-- tearDown -->
      </class> <!-- TestCases.Admin_Test -->
      <class name="TestCases.Buzz_Test">
        <test-method is-config="true" signature="setup()[pri:0, instance:TestCases.Buzz_Test@28cda624]" started-at="2026-08-15T19:03:43 PKT" name="setup" finished-at="2026-08-15T19:03:47 PKT" duration-ms="3683" status="PASS">
          <reporter-output>
          </reporter-output>
        </test-method> <!-- setup -->
        <test-method signature="CreateComment()[pri:0, instance:TestCases.Buzz_Test@28cda624]" started-at="2026-08-15T19:03:47 PKT" name="CreateComment" finished-at="2026-08-15T19:03:53 PKT" duration-ms="5911" status="FAIL">
          <exception class="java.lang.AssertionError">
            <message>
              <![CDATA[Comment test failed due to automation error: element click intercepted: Element <button data-v-f5c763eb="" data-v-2b81b03f="" class="oxd-icon-button" type="button">...</button> is not clickable at point (383, 510). Other element would receive the click: <div class="oxd-toast-container oxd-toast-container--bottom" id="oxd-toaster_1">...</div>
  (Session info: chrome=151.0.7922.138)
Build info: version: '4.45.0', revision: 'cd6a3cd cd6a3cdfca6970f62e5bc8344109d0fe0e2af05e'
System info: os.name: 'Windows 11', os.arch: 'amd64', os.version: '10.0', java.version: '23'
Driver info: org.openqa.selenium.chrome.ChromeDriver
Command: [217a0d676659132369718299e72ce0dd, clickElement {id=f.D21154D1A07B398844B8AE0CEF309B6B.d.D1CA2CF1FE020E01226F847A356F82AC.e.54}]
Capabilities {acceptInsecureCerts: false, browserName: chrome, browserVersion: 151.0.7922.138, chrome: {chromedriverVersion: 151.0.7922.138 (41fa8244239..., userDataDir: C:\Users\user\AppData\Local...}, fedcm:accounts: true, goog:chromeOptions: {debuggerAddress: localhost:49460}, goog:processID: 7888, networkConnectionEnabled: false, pageLoadStrategy: normal, platformName: windows, proxy: Proxy(), se:cdp: ws://localhost:49460/devtoo..., se:cdpVersion: 151.0.7922.138, setWindowRect: true, strictFileInteractability: false, timeouts: {implicit: 0, pageLoad: 300000, script: 30000}, unhandledPromptBehavior: dismiss and notify, webauthn:extension:credBlob: true, webauthn:extension:largeBlob: true, webauthn:extension:minPinLength: true, webauthn:extension:prf: true, webauthn:virtualAuthenticators: true}
Element: [[ChromeDriver: chrome on windows (217a0d676659132369718299e72ce0dd)] -> xpath: (//button[contains(@class,'oxd-icon-button')])[4]]
Session ID: 217a0d676659132369718299e72ce0dd]]>
            </message>
            <full-stacktrace>
              <![CDATA[java.lang.AssertionError: Comment test failed due to automation error: element click intercepted: Element <button data-v-f5c763eb="" data-v-2b81b03f="" class="oxd-icon-button" type="button">...</button> is not clickable at point (383, 510). Other element would receive the click: <div class="oxd-toast-container oxd-toast-container--bottom" id="oxd-toaster_1">...</div>
  (Session info: chrome=151.0.7922.138)
Build info: version: '4.45.0', revision: 'cd6a3cd cd6a3cdfca6970f62e5bc8344109d0fe0e2af05e'
System info: os.name: 'Windows 11', os.arch: 'amd64', os.version: '10.0', java.version: '23'
Driver info: org.openqa.selenium.chrome.ChromeDriver
Command: [217a0d676659132369718299e72ce0dd, clickElement {id=f.D21154D1A07B398844B8AE0CEF309B6B.d.D1CA2CF1FE020E01226F847A356F82AC.e.54}]
Capabilities {acceptInsecureCerts: false, browserName: chrome, browserVersion: 151.0.7922.138, chrome: {chromedriverVersion: 151.0.7922.138 (41fa8244239..., userDataDir: C:\Users\user\AppData\Local...}, fedcm:accounts: true, goog:chromeOptions: {debuggerAddress: localhost:49460}, goog:processID: 7888, networkConnectionEnabled: false, pageLoadStrategy: normal, platformName: windows, proxy: Proxy(), se:cdp: ws://localhost:49460/devtoo..., se:cdpVersion: 151.0.7922.138, setWindowRect: true, strictFileInteractability: false, timeouts: {implicit: 0, pageLoad: 300000, script: 30000}, unhandledPromptBehavior: dismiss and notify, webauthn:extension:credBlob: true, webauthn:extension:largeBlob: true, webauthn:extension:minPinLength: true, webauthn:extension:prf: true, webauthn:virtualAuthenticators: true}
Element: [[ChromeDriver: chrome on windows (217a0d676659132369718299e72ce0dd)] -> xpath: (//button[contains(@class,'oxd-icon-button')])[4]]
Session ID: 217a0d676659132369718299e72ce0dd
at org.testng.Assert.fail(Assert.java:111)
at TestCases.Buzz_Test.CreateComment(Buzz_Test.java:92)
at java.base/jdk.internal.reflect.DirectMethodHandleAccessor.invoke(DirectMethodHandleAccessor.java:103)
at java.base/java.lang.reflect.Method.invoke(Method.java:580)
at org.testng.internal.invokers.MethodInvocationHelper.invokeMethod(MethodInvocationHelper.java:141)
at org.testng.internal.invokers.TestInvoker.invokeMethod(TestInvoker.java:697)
at org.testng.internal.invokers.TestInvoker.invokeTestMethod(TestInvoker.java:230)
at org.testng.internal.invokers.MethodRunner.runInSequence(MethodRunner.java:63)
at org.testng.internal.invokers.TestInvoker$MethodInvocationAgent.invoke(TestInvoker.java:1005)
at org.testng.internal.invokers.TestInvoker.invokeTestMethods(TestInvoker.java:203)
at org.testng.internal.invokers.TestMethodWorker.invokeTestMethods(TestMethodWorker.java:154)
at org.testng.internal.invokers.TestMethodWorker.run(TestMethodWorker.java:134)
at java.base/java.util.ArrayList.forEach(ArrayList.java:1597)
at org.testng.TestRunner.privateRun(TestRunner.java:744)
at org.testng.TestRunner.run(TestRunner.java:616)
at org.testng.SuiteRunner.runTest(SuiteRunner.java:421)
at org.testng.SuiteRunner.runSequentially(SuiteRunner.java:413)
at org.testng.SuiteRunner.privateRun(SuiteRunner.java:373)
at org.testng.SuiteRunner.run(SuiteRunner.java:312)
at org.testng.SuiteRunnerWorker.runSuite(SuiteRunnerWorker.java:52)
at org.testng.SuiteRunnerWorker.run(SuiteRunnerWorker.java:95)
at org.testng.TestNG.runSuitesSequentially(TestNG.java:1274)
at org.testng.TestNG.runSuitesLocally(TestNG.java:1208)
at org.testng.TestNG.runSuites(TestNG.java:1112)
at org.testng.TestNG.run(TestNG.java:1079)
at org.apache.maven.surefire.testng.TestNGExecutor.run(TestNGExecutor.java:308)
at org.apache.maven.surefire.testng.TestNGXmlTestSuite.execute(TestNGXmlTestSuite.java:71)
at org.apache.maven.surefire.testng.TestNGProvider.invoke(TestNGProvider.java:113)
at org.apache.maven.surefire.booter.ForkedBooter.runSuitesInProcess(ForkedBooter.java:385)
at org.apache.maven.surefire.booter.ForkedBooter.execute(ForkedBooter.java:162)
at org.apache.maven.surefire.booter.ForkedBooter.run(ForkedBooter.java:507)
at org.apache.maven.surefire.booter.ForkedBooter.main(ForkedBooter.java:495)
]]>
            </full-stacktrace>
          </exception> <!-- java.lang.AssertionError -->
          <reporter-output>
          </reporter-output>
        </test-method> <!-- CreateComment -->
        <test-method is-config="true" signature="tearDown(org.testng.ITestResult)[pri:0, instance:TestCases.Buzz_Test@28cda624]" started-at="2026-08-15T19:03:53 PKT" name="tearDown" finished-at="2026-08-15T19:03:54 PKT" duration-ms="475" status="PASS">
          <params>
            <param index="0">
              <value>
                <![CDATA[[TestResult name=CreateComment status=FAILURE method=Buzz_Test.CreateComment()[pri:0, instance:TestCases.Buzz_Test@28cda624] output={null}]]]>
              </value>
            </param>
          </params>
          <reporter-output>
          </reporter-output>
        </test-method> <!-- tearDown -->
        <test-method is-config="true" signature="setup()[pri:0, instance:TestCases.Buzz_Test@28cda624]" started-at="2026-08-15T19:03:54 PKT" name="setup" finished-at="2026-08-15T19:03:57 PKT" duration-ms="3674" status="PASS">
          <reporter-output>
          </reporter-output>
        </test-method> <!-- setup -->
        <test-method signature="CreateNewPost()[pri:0, instance:TestCases.Buzz_Test@28cda624]" started-at="2026-08-15T19:03:57 PKT" name="CreateNewPost" finished-at="2026-08-15T19:04:02 PKT" duration-ms="4512" status="PASS">
          <reporter-output>
          </reporter-output>
        </test-method> <!-- CreateNewPost -->
        <test-method is-config="true" signature="tearDown(org.testng.ITestResult)[pri:0, instance:TestCases.Buzz_Test@28cda624]" started-at="2026-08-15T19:04:02 PKT" name="tearDown" finished-at="2026-08-15T19:04:02 PKT" duration-ms="356" status="PASS">
          <params>
            <param index="0">
              <value>
                <![CDATA[[TestResult name=CreateNewPost status=SUCCESS method=Buzz_Test.CreateNewPost()[pri:0, instance:TestCases.Buzz_Test@28cda624] output={null}]]]>
              </value>
            </param>
          </params>
          <reporter-output>
          </reporter-output>
        </test-method> <!-- tearDown -->
        <test-method is-config="true" signature="setup()[pri:0, instance:TestCases.Buzz_Test@28cda624]" started-at="2026-08-15T19:04:02 PKT" name="setup" finished-at="2026-08-15T19:04:06 PKT" duration-ms="3874" status="PASS">
          <reporter-output>
          </reporter-output>
        </test-method> <!-- setup -->
        <test-method signature="LikePost()[pri:0, instance:TestCases.Buzz_Test@28cda624]" started-at="2026-08-15T19:04:06 PKT" name="LikePost" finished-at="2026-08-15T19:04:10 PKT" duration-ms="4438" status="FAIL">
          <exception class="java.lang.AssertionError">
            <message>
              <![CDATA[Like assertion failed: Like count should be greater than or equal to 1 expected [true] but found [false]]]>
            </message>
            <full-stacktrace>
              <![CDATA[java.lang.AssertionError: Like assertion failed: Like count should be greater than or equal to 1 expected [true] but found [false]
at org.testng.Assert.fail(Assert.java:111)
at TestCases.Buzz_Test.LikePost(Buzz_Test.java:119)
at java.base/jdk.internal.reflect.DirectMethodHandleAccessor.invoke(DirectMethodHandleAccessor.java:103)
at java.base/java.lang.reflect.Method.invoke(Method.java:580)
at org.testng.internal.invokers.MethodInvocationHelper.invokeMethod(MethodInvocationHelper.java:141)
at org.testng.internal.invokers.TestInvoker.invokeMethod(TestInvoker.java:697)
at org.testng.internal.invokers.TestInvoker.invokeTestMethod(TestInvoker.java:230)
at org.testng.internal.invokers.MethodRunner.runInSequence(MethodRunner.java:63)
at org.testng.internal.invokers.TestInvoker$MethodInvocationAgent.invoke(TestInvoker.java:1005)
at org.testng.internal.invokers.TestInvoker.invokeTestMethods(TestInvoker.java:203)
at org.testng.internal.invokers.TestMethodWorker.invokeTestMethods(TestMethodWorker.java:154)
at org.testng.internal.invokers.TestMethodWorker.run(TestMethodWorker.java:134)
at java.base/java.util.ArrayList.forEach(ArrayList.java:1597)
at org.testng.TestRunner.privateRun(TestRunner.java:744)
at org.testng.TestRunner.run(TestRunner.java:616)
at org.testng.SuiteRunner.runTest(SuiteRunner.java:421)
at org.testng.SuiteRunner.runSequentially(SuiteRunner.java:413)
at org.testng.SuiteRunner.privateRun(SuiteRunner.java:373)
at org.testng.SuiteRunner.run(SuiteRunner.java:312)
at org.testng.SuiteRunnerWorker.runSuite(SuiteRunnerWorker.java:52)
at org.testng.SuiteRunnerWorker.run(SuiteRunnerWorker.java:95)
at org.testng.TestNG.runSuitesSequentially(TestNG.java:1274)
at org.testng.TestNG.runSuitesLocally(TestNG.java:1208)
at org.testng.TestNG.runSuites(TestNG.java:1112)
at org.testng.TestNG.run(TestNG.java:1079)
at org.apache.maven.surefire.testng.TestNGExecutor.run(TestNGExecutor.java:308)
at org.apache.maven.surefire.testng.TestNGXmlTestSuite.execute(TestNGXmlTestSuite.java:71)
at org.apache.maven.surefire.testng.TestNGProvider.invoke(TestNGProvider.java:113)
at org.apache.maven.surefire.booter.ForkedBooter.runSuitesInProcess(ForkedBooter.java:385)
at org.apache.maven.surefire.booter.ForkedBooter.execute(ForkedBooter.java:162)
at org.apache.maven.surefire.booter.ForkedBooter.run(ForkedBooter.java:507)
at org.apache.maven.surefire.booter.ForkedBooter.main(ForkedBooter.java:495)
]]>
            </full-stacktrace>
          </exception> <!-- java.lang.AssertionError -->
          <reporter-output>
          </reporter-output>
        </test-method> <!-- LikePost -->
        <test-method is-config="true" signature="tearDown(org.testng.ITestResult)[pri:0, instance:TestCases.Buzz_Test@28cda624]" started-at="2026-08-15T19:04:10 PKT" name="tearDown" finished-at="2026-08-15T19:04:11 PKT" duration-ms="696" status="PASS">
          <params>
            <param index="0">
              <value>
                <![CDATA[[TestResult name=LikePost status=FAILURE method=Buzz_Test.LikePost()[pri:0, instance:TestCases.Buzz_Test@28cda624] output={null}]]]>
              </value>
            </param>
          </params>
          <reporter-output>
          </reporter-output>
        </test-method> <!-- tearDown -->
      </class> <!-- TestCases.Buzz_Test -->
      <class name="TestCases.Pim_Test">
        <test-method is-config="true" signature="setup()[pri:0, instance:TestCases.Pim_Test@69504ae9]" started-at="2026-08-15T19:02:05 PKT" name="setup" finished-at="2026-08-15T19:02:09 PKT" duration-ms="3877" status="PASS">
          <reporter-output>
          </reporter-output>
        </test-method> <!-- setup -->
        <test-method signature="Verify_Add_Employee(java.lang.String,java.lang.String,java.lang.String)[pri:1, instance:TestCases.Pim_Test@69504ae9]" started-at="2026-08-15T19:02:09 PKT" name="Verify_Add_Employee" data-provider="AddEmployeeDataProvider" finished-at="2026-08-15T19:02:16 PKT" duration-ms="7270" status="PASS">
          <params>
            <param index="0">
              <value>
                <![CDATA[Muhammad]]>
              </value>
            </param>
            <param index="1">
              <value>
                <![CDATA[Haris]]>
              </value>
            </param>
            <param index="2">
              <value>
                <![CDATA[Tariq]]>
              </value>
            </param>
          </params>
          <reporter-output>
          </reporter-output>
        </test-method> <!-- Verify_Add_Employee -->
        <test-method is-config="true" signature="tearDown(org.testng.ITestResult)[pri:0, instance:TestCases.Pim_Test@69504ae9]" started-at="2026-08-15T19:02:16 PKT" name="tearDown" finished-at="2026-08-15T19:02:16 PKT" duration-ms="377" status="PASS">
          <params>
            <param index="0">
              <value>
                <![CDATA[[TestResult name=Verify_Add_Employee status=SUCCESS method=Pim_Test.Verify_Add_Employee(java.lang.String,java.lang.String,java.lang.String)[pri:1, instance:TestCases.Pim_Test@69504ae9] output={null}]]]>
              </value>
            </param>
          </params>
          <reporter-output>
          </reporter-output>
        </test-method> <!-- tearDown -->
        <test-method is-config="true" signature="setup()[pri:0, instance:TestCases.Pim_Test@69504ae9]" started-at="2026-08-15T19:02:16 PKT" name="setup" finished-at="2026-08-15T19:02:20 PKT" duration-ms="3415" status="PASS">
          <reporter-output>
          </reporter-output>
        </test-method> <!-- setup -->
        <test-method signature="Search_EmployeeByName(java.lang.String)[pri:2, instance:TestCases.Pim_Test@69504ae9]" started-at="2026-08-15T19:02:20 PKT" name="Search_EmployeeByName" data-provider="SearchEmployeeNameData" finished-at="2026-08-15T19:02:24 PKT" duration-ms="4818" status="FAIL">
          <params>
            <param index="0">
              <value>
                <![CDATA[Muhammad Haris]]>
              </value>
            </param>
          </params>
          <exception class="java.lang.AssertionError">
            <message>
              <![CDATA[expected [Muhammad Haris] but found [123445 34]]]>
            </message>
            <full-stacktrace>
              <![CDATA[java.lang.AssertionError: expected [Muhammad Haris] but found [123445 34]
at org.testng.Assert.fail(Assert.java:111)
at org.testng.Assert.failNotEquals(Assert.java:1590)
at org.testng.Assert.assertEqualsImpl(Assert.java:150)
at org.testng.Assert.assertEquals(Assert.java:132)
at org.testng.Assert.assertEquals(Assert.java:656)
at org.testng.Assert.assertEquals(Assert.java:666)
at TestCases.Pim_Test.Search_EmployeeByName(Pim_Test.java:63)
at java.base/jdk.internal.reflect.DirectMethodHandleAccessor.invoke(DirectMethodHandleAccessor.java:103)
at java.base/java.lang.reflect.Method.invoke(Method.java:580)
at org.testng.internal.invokers.MethodInvocationHelper.invokeMethod(MethodInvocationHelper.java:141)
at org.testng.internal.invokers.TestInvoker.invokeMethod(TestInvoker.java:697)
at org.testng.internal.invokers.TestInvoker.invokeTestMethod(TestInvoker.java:230)
at org.testng.internal.invokers.MethodRunner.runInSequence(MethodRunner.java:63)
at org.testng.internal.invokers.TestInvoker$MethodInvocationAgent.invoke(TestInvoker.java:1005)
at org.testng.internal.invokers.TestInvoker.invokeTestMethods(TestInvoker.java:203)
at org.testng.internal.invokers.TestMethodWorker.invokeTestMethods(TestMethodWorker.java:154)
at org.testng.internal.invokers.TestMethodWorker.run(TestMethodWorker.java:134)
at java.base/java.util.ArrayList.forEach(ArrayList.java:1597)
at org.testng.TestRunner.privateRun(TestRunner.java:744)
at org.testng.TestRunner.run(TestRunner.java:616)
at org.testng.SuiteRunner.runTest(SuiteRunner.java:421)
at org.testng.SuiteRunner.runSequentially(SuiteRunner.java:413)
at org.testng.SuiteRunner.privateRun(SuiteRunner.java:373)
at org.testng.SuiteRunner.run(SuiteRunner.java:312)
at org.testng.SuiteRunnerWorker.runSuite(SuiteRunnerWorker.java:52)
at org.testng.SuiteRunnerWorker.run(SuiteRunnerWorker.java:95)
at org.testng.TestNG.runSuitesSequentially(TestNG.java:1274)
at org.testng.TestNG.runSuitesLocally(TestNG.java:1208)
at org.testng.TestNG.runSuites(TestNG.java:1112)
at org.testng.TestNG.run(TestNG.java:1079)
at org.apache.maven.surefire.testng.TestNGExecutor.run(TestNGExecutor.java:308)
at org.apache.maven.surefire.testng.TestNGXmlTestSuite.execute(TestNGXmlTestSuite.java:71)
at org.apache.maven.surefire.testng.TestNGProvider.invoke(TestNGProvider.java:113)
at org.apache.maven.surefire.booter.ForkedBooter.runSuitesInProcess(ForkedBooter.java:385)
at org.apache.maven.surefire.booter.ForkedBooter.execute(ForkedBooter.java:162)
at org.apache.maven.surefire.booter.ForkedBooter.run(ForkedBooter.java:507)
at org.apache.maven.surefire.booter.ForkedBooter.main(ForkedBooter.java:495)
]]>
            </full-stacktrace>
          </exception> <!-- java.lang.AssertionError -->
          <reporter-output>
          </reporter-output>
        </test-method> <!-- Search_EmployeeByName -->
        <test-method is-config="true" signature="tearDown(org.testng.ITestResult)[pri:0, instance:TestCases.Pim_Test@69504ae9]" started-at="2026-08-15T19:02:24 PKT" name="tearDown" finished-at="2026-08-15T19:02:25 PKT" duration-ms="501" status="PASS">
          <params>
            <param index="0">
              <value>
                <![CDATA[[TestResult name=Search_EmployeeByName status=FAILURE method=Pim_Test.Search_EmployeeByName(java.lang.String)[pri:2, instance:TestCases.Pim_Test@69504ae9] output={null}]]]>
              </value>
            </param>
          </params>
          <reporter-output>
          </reporter-output>
        </test-method> <!-- tearDown -->
        <test-method is-config="true" signature="setup()[pri:0, instance:TestCases.Pim_Test@69504ae9]" started-at="2026-08-15T19:02:25 PKT" name="setup" finished-at="2026-08-15T19:02:29 PKT" duration-ms="3950" status="PASS">
          <reporter-output>
          </reporter-output>
        </test-method> <!-- setup -->
        <test-method signature="Search_EmployeeByID()[pri:3, instance:TestCases.Pim_Test@69504ae9]" started-at="2026-08-15T19:02:29 PKT" name="Search_EmployeeByID" finished-at="2026-08-15T19:02:34 PKT" depends-on-methods="TestCases.Pim_Test.Verify_Add_Employee" duration-ms="4814" status="PASS">
          <reporter-output>
          </reporter-output>
        </test-method> <!-- Search_EmployeeByID -->
        <test-method is-config="true" signature="tearDown(org.testng.ITestResult)[pri:0, instance:TestCases.Pim_Test@69504ae9]" started-at="2026-08-15T19:02:34 PKT" name="tearDown" finished-at="2026-08-15T19:02:34 PKT" duration-ms="347" status="PASS">
          <params>
            <param index="0">
              <value>
                <![CDATA[[TestResult name=Search_EmployeeByID status=SUCCESS method=Pim_Test.Search_EmployeeByID()[pri:3, instance:TestCases.Pim_Test@69504ae9] output={null}]]]>
              </value>
            </param>
          </params>
          <reporter-output>
          </reporter-output>
        </test-method> <!-- tearDown -->
        <test-method is-config="true" signature="setup()[pri:0, instance:TestCases.Pim_Test@69504ae9]" started-at="2026-08-15T19:02:34 PKT" name="setup" finished-at="2026-08-15T19:02:38 PKT" duration-ms="3680" status="PASS">
          <reporter-output>
          </reporter-output>
        </test-method> <!-- setup -->
        <test-method signature="Reset_EmployeeSearch()[pri:4, instance:TestCases.Pim_Test@69504ae9]" started-at="2026-08-15T19:02:38 PKT" name="Reset_EmployeeSearch" finished-at="2026-08-15T19:02:42 PKT" duration-ms="4591" status="PASS">
          <reporter-output>
          </reporter-output>
        </test-method> <!-- Reset_EmployeeSearch -->
        <test-method is-config="true" signature="tearDown(org.testng.ITestResult)[pri:0, instance:TestCases.Pim_Test@69504ae9]" started-at="2026-08-15T19:02:42 PKT" name="tearDown" finished-at="2026-08-15T19:02:43 PKT" duration-ms="332" status="PASS">
          <params>
            <param index="0">
              <value>
                <![CDATA[[TestResult name=Reset_EmployeeSearch status=SUCCESS method=Pim_Test.Reset_EmployeeSearch()[pri:4, instance:TestCases.Pim_Test@69504ae9] output={null}]]]>
              </value>
            </param>
          </params>
          <reporter-output>
          </reporter-output>
        </test-method> <!-- tearDown -->
      </class> <!-- TestCases.Pim_Test -->
    </test> <!-- OrangeHRM Tests -->
  </suite> <!-- Test Suite -->
</testng-results>
