<?xml version="1.0" encoding="UTF-8"?>
<!-- Generated by org.testng.reporters.JUnitXMLReporter -->
<testsuite ignored="0" hostname="DESKTOP-9B7TOFL" failures="5" tests="30" name="OrangeHRM Tests" time="277.531" errors="0" timestamp="2026-08-15T19:04:52 PKT">
  <testcase classname="TestCases.Login_Test" name="LoginTest" time="1.039"/>
  <testcase classname="TestCases.Login_Test" name="LoginTest" time="1.029"/>
  <testcase classname="TestCases.Login_Test" name="LoginTest" time="1.187"/>
  <testcase classname="TestCases.Login_Test" name="Verify_forgetPassword_link" time="1.214"/>
  <testcase classname="TestCases.Login_Test" name="Verify_login" time="0.575"/>
  <testcase classname="TestCases.Dashboard_Test" name="Verify_Dashboard_display" time="2.552"/>
  <testcase classname="TestCases.Dashboard_Test" name="Verify_Leavemenu_navigation" time="3.689"/>
  <testcase classname="TestCases.Dashboard_Test" name="Verify_Pimmenu_navigation" time="3.686"/>
  <testcase classname="TestCases.Dashboard_Test" name="Verify_adminmenu_navigation" time="5.56"/>
  <testcase classname="TestCases.Dashboard_Test" name="Verify_logout_Functionality" time="3.985"/>
  <testcase classname="TestCases.Admin_Test" name="Verify_Reset_Search_Filter" time="4.602"/>
  <testcase classname="TestCases.Admin_Test" name="Verify_Search_By_EmployeeName" time="4.351">
    <failure type="java.lang.AssertionError" message="expected [oWcxuXqdoL itjvtUUngH] but found [manda user]">
      <![CDATA[java.lang.AssertionError: expected [oWcxuXqdoL itjvtUUngH] but found [manda user]
at TestCases.Admin_Test.Verify_Search_By_EmployeeName(Admin_Test.java:82)
at java.base/java.util.ArrayList.forEach(ArrayList.java:1597)
... Removed 35 stack frames]]>
    </failure>
  </testcase> <!-- Verify_Search_By_EmployeeName -->
  <testcase classname="TestCases.Admin_Test" name="Verify_Search_By_Status" time="5.0"/>
  <testcase classname="TestCases.Admin_Test" name="Verify_Search_By_UserName" time="5.461"/>
  <testcase classname="TestCases.Admin_Test" name="Verify_Search_By_UserRole" time="4.919"/>
  <testcase classname="TestCases.Pim_Test" name="Verify_Add_Employee" time="7.27"/>
  <testcase classname="TestCases.Pim_Test" name="Search_EmployeeByName" time="4.818">
    <failure type="java.lang.AssertionError" message="expected [Muhammad Haris] but found [123445 34]">
      <![CDATA[java.lang.AssertionError: expected [Muhammad Haris] but found [123445 34]
at TestCases.Pim_Test.Search_EmployeeByName(Pim_Test.java:63)
at java.base/java.util.ArrayList.forEach(ArrayList.java:1597)
... Removed 35 stack frames]]>
    </failure>
  </testcase> <!-- Search_EmployeeByName -->
  <testcase classname="TestCases.Pim_Test" name="Search_EmployeeByID" time="4.814"/>
  <testcase classname="TestCases.Pim_Test" name="Reset_EmployeeSearch" time="4.591"/>
  <testcase classname="TestCases.Recruitment_Test" name="AddNewCandidate" time="7.989"/>
  <testcase classname="TestCases.Recruitment_Test" name="SearchByCandidateName" time="9.309"/>
  <testcase classname="TestCases.Recruitment_Test" name="SearchByVacancy" time="10.587"/>
  <testcase classname="TestCases.Recruitment_Test" name="validate_Functionality_of_JobTitle" time="5.637"/>
  <testcase classname="TestCases.Recruitment_Test" name="validate_Functionality_of_ResetCandidateSearch" time="5.045"/>
  <testcase classname="TestCases.Buzz_Test" name="CreateComment" time="5.911">
    <failure type="java.lang.AssertionError" message="Comment test failed due to automation error: element click intercepted: Element &amp;lt;button data-v-f5c763eb=&amp;quot;&amp;quot; data-v-2b81b03f=&amp;quot;&amp;quot; class=&amp;quot;oxd-icon-button&amp;quot; type=&amp;quot;button&amp;quot;&amp;gt;...&amp;lt;/button&amp;gt; is not clickable at point (383, 510). Other element would receive the click: &amp;lt;div class=&amp;quot;oxd-toast-container oxd-toast-container--bottom&amp;quot; id=&amp;quot;oxd-toaster_1&amp;quot;&amp;gt;...&amp;lt;/div&amp;gt;
  (Session info: chrome=151.0.7922.138)
Build info: version: &amp;apos;4.45.0&amp;apos;, revision: &amp;apos;cd6a3cd cd6a3cdfca6970f62e5bc8344109d0fe0e2af05e&amp;apos;
System info: os.name: &amp;apos;Windows 11&amp;apos;, os.arch: &amp;apos;amd64&amp;apos;, os.version: &amp;apos;10.0&amp;apos;, java.version: &amp;apos;23&amp;apos;
Driver info: org.openqa.selenium.chrome.ChromeDriver
Command: [217a0d676659132369718299e72ce0dd, clickElement {id=f.D21154D1A07B398844B8AE0CEF309B6B.d.D1CA2CF1FE020E01226F847A356F82AC.e.54}]
Capabilities {acceptInsecureCerts: false, browserName: chrome, browserVersion: 151.0.7922.138, chrome: {chromedriverVersion: 151.0.7922.138 (41fa8244239..., userDataDir: C:\Users\user\AppData\Local...}, fedcm:accounts: true, goog:chromeOptions: {debuggerAddress: localhost:49460}, goog:processID: 7888, networkConnectionEnabled: false, pageLoadStrategy: normal, platformName: windows, proxy: Proxy(), se:cdp: ws://localhost:49460/devtoo..., se:cdpVersion: 151.0.7922.138, setWindowRect: true, strictFileInteractability: false, timeouts: {implicit: 0, pageLoad: 300000, script: 30000}, unhandledPromptBehavior: dismiss and notify, webauthn:extension:credBlob: true, webauthn:extension:largeBlob: true, webauthn:extension:minPinLength: true, webauthn:extension:prf: true, webauthn:virtualAuthenticators: true}
Element: [[ChromeDriver: chrome on windows (217a0d676659132369718299e72ce0dd)] -&amp;gt; xpath: (//button[contains(@class,&amp;apos;oxd-icon-button&amp;apos;)])[4]]
Session ID: 217a0d676659132369718299e72ce0dd">
      <![CDATA[java.lang.AssertionError: Comment test failed due to automation error: element click intercepted: Element <button data-v-f5c763eb="" data-v-2b81b03f="" class="oxd-icon-button" type="button">...</button> is not clickable at point (383, 510). Other element would receive the click: <div class="oxd-toast-container oxd-toast-container--bottom" id="oxd-toaster_1">...</div>
  (Session info: chrome=151.0.7922.138)
Build info: version: '4.45.0', revision: 'cd6a3cd cd6a3cdfca6970f62e5bc8344109d0fe0e2af05e'
System info: os.name: 'Windows 11', os.arch: 'amd64', os.version: '10.0', java.version: '23'
Driver info: org.openqa.selenium.chrome.ChromeDriver
Command: [217a0d676659132369718299e72ce0dd, clickElement {id=f.D21154D1A07B398844B8AE0CEF309B6B.d.D1CA2CF1FE020E01226F847A356F82AC.e.54}]
Capabilities {acceptInsecureCerts: false, browserName: chrome, browserVersion: 151.0.7922.138, chrome: {chromedriverVersion: 151.0.7922.138 (41fa8244239..., userDataDir: C:\Users\user\AppData\Local...}, fedcm:accounts: true, goog:chromeOptions: {debuggerAddress: localhost:49460}, goog:processID: 7888, networkConnectionEnabled: false, pageLoadStrategy: normal, platformName: windows, proxy: Proxy(), se:cdp: ws://localhost:49460/devtoo..., se:cdpVersion: 151.0.7922.138, setWindowRect: true, strictFileInteractability: false, timeouts: {implicit: 0, pageLoad: 300000, script: 30000}, unhandledPromptBehavior: dismiss and notify, webauthn:extension:credBlob: true, webauthn:extension:largeBlob: true, webauthn:extension:minPinLength: true, webauthn:extension:prf: true, webauthn:virtualAuthenticators: true}
Element: [[ChromeDriver: chrome on windows (217a0d676659132369718299e72ce0dd)] -> xpath: (//button[contains(@class,'oxd-icon-button')])[4]]
Session ID: 217a0d676659132369718299e72ce0dd
at TestCases.Buzz_Test.CreateComment(Buzz_Test.java:92)
at java.base/java.util.ArrayList.forEach(ArrayList.java:1597)
... Removed 30 stack frames]]>
    </failure>
  </testcase> <!-- CreateComment -->
  <testcase classname="TestCases.Buzz_Test" name="CreateNewPost" time="4.512"/>
  <testcase classname="TestCases.Buzz_Test" name="LikePost" time="4.438">
    <failure type="java.lang.AssertionError" message="Like assertion failed: Like count should be greater than or equal to 1 expected [true] but found [false]">
      <![CDATA[java.lang.AssertionError: Like assertion failed: Like count should be greater than or equal to 1 expected [true] but found [false]
at TestCases.Buzz_Test.LikePost(Buzz_Test.java:119)
at java.base/java.util.ArrayList.forEach(ArrayList.java:1597)
... Removed 30 stack frames]]>
    </failure>
  </testcase> <!-- LikePost -->
  <testcase classname="TestCases.Myinfo_Test" name="UpdatePersonalDetails" time="6.825"/>
  <testcase classname="TestCases.Myinfo_Test" name="UpdatePersonalDetails" time="5.523"/>
  <testcase classname="TestCases.Leave_Test" name="Assign_leavetoEmployee" time="18.598">
    <failure type="java.lang.AssertionError" message="Assign Leave test failed due to automation error: Expected condition failed: waiting for element found by By.xpath: //span[normalize-space()=&amp;apos;Muhammad Ayyan Tariq&amp;apos;] to be clickable, but the element was not found: org.openqa.selenium.NoSuchElementException: no such element: Unable to locate element: {&amp;quot;method&amp;quot;:&amp;quot;xpath&amp;quot;,&amp;quot;selector&amp;quot;:&amp;quot;//span[normalize-space()=&amp;apos;Muhammad Ayyan Tariq&amp;apos;]&amp;quot;}.
(tried for 10 seconds with 500 milliseconds interval)
Build info: version: &amp;apos;4.45.0&amp;apos;, revision: &amp;apos;cd6a3cd cd6a3cdfca6970f62e5bc8344109d0fe0e2af05e&amp;apos;
System info: os.name: &amp;apos;Windows 11&amp;apos;, os.arch: &amp;apos;amd64&amp;apos;, os.version: &amp;apos;10.0&amp;apos;, java.version: &amp;apos;23&amp;apos;
Driver info: org.openqa.selenium.chrome.ChromeDriver
Capabilities {acceptInsecureCerts: false, browserName: chrome, browserVersion: 151.0.7922.138, chrome: {chromedriverVersion: 151.0.7922.138 (41fa8244239..., userDataDir: C:\Users\user\AppData\Local...}, fedcm:accounts: true, goog:chromeOptions: {debuggerAddress: localhost:53762}, goog:processID: 12304, networkConnectionEnabled: false, pageLoadStrategy: normal, platformName: windows, proxy: Proxy(), se:cdp: ws://localhost:53762/devtoo..., se:cdpVersion: 151.0.7922.138, setWindowRect: true, strictFileInteractability: false, timeouts: {implicit: 0, pageLoad: 300000, script: 30000}, unhandledPromptBehavior: dismiss and notify, webauthn:extension:credBlob: true, webauthn:extension:largeBlob: true, webauthn:extension:minPinLength: true, webauthn:extension:prf: true, webauthn:virtualAuthenticators: true}
Session ID: 9809ceea0591f28a59f505a666c4ed89">
      <![CDATA[java.lang.AssertionError: Assign Leave test failed due to automation error: Expected condition failed: waiting for element found by By.xpath: //span[normalize-space()='Muhammad Ayyan Tariq'] to be clickable, but the element was not found: org.openqa.selenium.NoSuchElementException: no such element: Unable to locate element: {"method":"xpath","selector":"//span[normalize-space()='Muhammad Ayyan Tariq']"}.
(tried for 10 seconds with 500 milliseconds interval)
Build info: version: '4.45.0', revision: 'cd6a3cd cd6a3cdfca6970f62e5bc8344109d0fe0e2af05e'
System info: os.name: 'Windows 11', os.arch: 'amd64', os.version: '10.0', java.version: '23'
Driver info: org.openqa.selenium.chrome.ChromeDriver
Capabilities {acceptInsecureCerts: false, browserName: chrome, browserVersion: 151.0.7922.138, chrome: {chromedriverVersion: 151.0.7922.138 (41fa8244239..., userDataDir: C:\Users\user\AppData\Local...}, fedcm:accounts: true, goog:chromeOptions: {debuggerAddress: localhost:53762}, goog:processID: 12304, networkConnectionEnabled: false, pageLoadStrategy: normal, platformName: windows, proxy: Proxy(), se:cdp: ws://localhost:53762/devtoo..., se:cdpVersion: 151.0.7922.138, setWindowRect: true, strictFileInteractability: false, timeouts: {implicit: 0, pageLoad: 300000, script: 30000}, unhandledPromptBehavior: dismiss and notify, webauthn:extension:credBlob: true, webauthn:extension:largeBlob: true, webauthn:extension:minPinLength: true, webauthn:extension:prf: true, webauthn:virtualAuthenticators: true}
Session ID: 9809ceea0591f28a59f505a666c4ed89
at TestCases.Leave_Test.Assign_leavetoEmployee(Leave_Test.java:78)
at java.base/java.util.ArrayList.forEach(ArrayList.java:1597)
... Removed 30 stack frames]]>
    </failure>
  </testcase> <!-- Assign_leavetoEmployee -->
</testsuite> <!-- OrangeHRM Tests -->
