<?xml version="1.0" encoding="UTF-8"?>
<!-- Generated by org.testng.reporters.JUnitReportReporter -->
<testsuite hostname="DESKTOP-9B7TOFL" failures="0" tests="5" name="TestCases.Recruitment_Test" time="60.474" errors="0" timestamp="2026-08-15T19:04:53 PKT" skipped="0">
  <testcase classname="TestCases.Recruitment_Test" name="validate_Functionality_of_ResetCandidateSearch" time="10.529"/>
  <testcase classname="TestCases.Recruitment_Test" name="AddNewCandidate" time="12.005"/>
  <testcase classname="TestCases.Recruitment_Test" name="SearchByCandidateName" time="13.309"/>
  <testcase classname="TestCases.Recruitment_Test" name="validate_Functionality_of_JobTitle" time="9.671"/>
  <testcase classname="TestCases.Recruitment_Test" name="SearchByVacancy" time="14.960"/>
</testsuite> <!-- TestCases.Recruitment_Test -->
