<?xml version="1.0" encoding="UTF-8"?>
<!-- Generated by org.testng.reporters.JUnitReportReporter -->
<testsuite hostname="DESKTOP-9B7TOFL" failures="0" tests="5" name="TestCases.Dashboard_Test" time="37.082" errors="0" timestamp="2026-08-15T19:04:53 PKT" skipped="0">
  <testcase classname="TestCases.Dashboard_Test" name="Verify_logout_Functionality" time="6.189"/>
  <testcase classname="TestCases.Dashboard_Test" name="Verify_Pimmenu_navigation" time="7.488"/>
  <testcase classname="TestCases.Dashboard_Test" name="Verify_Dashboard_display" time="6.430"/>
  <testcase classname="TestCases.Dashboard_Test" name="Verify_adminmenu_navigation" time="9.378"/>
  <testcase classname="TestCases.Dashboard_Test" name="Verify_Leavemenu_navigation" time="7.597"/>
</testsuite> <!-- TestCases.Dashboard_Test -->
