<?xml version="1.0" encoding="UTF-8"?>
<!-- Generated by org.testng.reporters.JUnitReportReporter -->
<testsuite hostname="DESKTOP-9B7TOFL" failures="0" tests="5" name="TestCases.Login_Test" time="26.228" errors="0" timestamp="2026-08-15T19:04:53 PKT" skipped="0">
  <testcase classname="TestCases.Login_Test" name="Verify_login" time="4.511"/>
  <testcase classname="TestCases.Login_Test" name="LoginTest" time="5.473"/>
  <testcase classname="TestCases.Login_Test" name="Verify_forgetPassword_link" time="5.021"/>
  <testcase classname="TestCases.Login_Test" name="LoginTest" time="6.320"/>
  <testcase classname="TestCases.Login_Test" name="LoginTest" time="4.903"/>
</testsuite> <!-- TestCases.Login_Test -->
